{"/home/travis/build/npmtest/node-npmtest-timepicker/test.js":{"path":"/home/travis/build/npmtest/node-npmtest-timepicker/test.js","s":{"1":2,"2":2,"3":2,"4":2,"5":2,"6":2,"7":2,"8":1,"9":2,"10":2,"11":1,"12":1,"13":1,"14":1,"15":2,"16":2,"17":2,"18":2,"19":1,"20":1,"21":2,"22":2,"23":2,"24":1,"25":1,"26":1,"27":1,"28":1,"29":1,"30":1,"31":1,"32":1,"33":1,"34":1,"35":1,"36":1,"37":1,"38":1,"39":2,"40":2,"41":1,"42":2,"43":2,"44":1,"45":2,"46":2,"47":1,"48":2,"49":2,"50":1,"51":1,"52":1,"53":1,"54":1},"b":{"1":[2,1,1,1],"2":[1,1,1,1],"3":[1,1],"4":[1,1],"5":[1,1],"6":[1,1],"7":[1,1],"8":[1,1],"9":[1,1],"10":[1,1,1],"11":[1,1],"12":[1,1],"13":[1,1],"14":[1,1],"15":[1,1],"16":[1,1],"17":[1,1]},"f":{"1":2,"2":2,"3":2,"4":2,"5":2,"6":1,"7":1,"8":1,"9":2,"10":2,"11":2,"12":2,"13":1},"fnMap":{"1":{"name":"(anonymous_1)","line":12,"loc":{"start":{"line":12,"column":1},"end":{"line":12,"column":13}}},"2":{"name":"(anonymous_2)","line":19,"loc":{"start":{"line":19,"column":5},"end":{"line":19,"column":17}}},"3":{"name":"(anonymous_3)","line":23,"loc":{"start":{"line":23,"column":24},"end":{"line":23,"column":36}}},"4":{"name":"(anonymous_4)","line":61,"loc":{"start":{"line":61,"column":5},"end":{"line":61,"column":17}}},"5":{"name":"(anonymous_5)","line":82,"loc":{"start":{"line":82,"column":5},"end":{"line":82,"column":17}}},"6":{"name":"(anonymous_6)","line":91,"loc":{"start":{"line":91,"column":77},"end":{"line":94,"column":10}}},"7":{"name":"(anonymous_7)","line":112,"loc":{"start":{"line":112,"column":83},"end":{"line":115,"column":10}},"skip":true},"8":{"name":"(anonymous_8)","line":123,"loc":{"start":{"line":123,"column":77},"end":{"line":126,"column":10}},"skip":true},"9":{"name":"(anonymous_9)","line":139,"loc":{"start":{"line":139,"column":12},"end":{"line":139,"column":40}},"skip":true},"10":{"name":"(anonymous_10)","line":147,"loc":{"start":{"line":147,"column":77},"end":{"line":150,"column":10}},"skip":true},"11":{"name":"(anonymous_11)","line":158,"loc":{"start":{"line":158,"column":83},"end":{"line":161,"column":10}},"skip":true},"12":{"name":"(anonymous_12)","line":169,"loc":{"start":{"line":169,"column":79},"end":{"line":172,"column":10}},"skip":true},"13":{"name":"(anonymous_13)","line":180,"loc":{"start":{"line":180,"column":75},"end":{"line":183,"column":10}},"skip":true}},"statementMap":{"1":{"start":{"line":12,"column":0},"end":{"line":195,"column":5}},"2":{"start":{"line":14,"column":4},"end":{"line":14,"column":14}},"3":{"start":{"line":19,"column":4},"end":{"line":56,"column":9}},"4":{"start":{"line":21,"column":8},"end":{"line":21,"column":19}},"5":{"start":{"line":23,"column":8},"end":{"line":35,"column":13}},"6":{"start":{"line":24,"column":12},"end":{"line":34,"column":13}},"7":{"start":{"line":25,"column":16},"end":{"line":28,"column":30}},"8":{"start":{"line":30,"column":16},"end":{"line":33,"column":27}},"9":{"start":{"line":37,"column":8},"end":{"line":39,"column":21}},"10":{"start":{"line":40,"column":8},"end":{"line":53,"column":9}},"11":{"start":{"line":43,"column":12},"end":{"line":46,"column":14}},"12":{"start":{"line":47,"column":12},"end":{"line":47,"column":18}},"13":{"start":{"line":50,"column":12},"end":{"line":51,"column":33}},"14":{"start":{"line":52,"column":12},"end":{"line":52,"column":18}},"15":{"start":{"line":55,"column":8},"end":{"line":55,"column":35}},"16":{"start":{"line":61,"column":4},"end":{"line":63,"column":9}},"17":{"start":{"line":62,"column":8},"end":{"line":62,"column":15}},"18":{"start":{"line":64,"column":4},"end":{"line":77,"column":5}},"19":{"start":{"line":70,"column":8},"end":{"line":70,"column":14}},"20":{"start":{"line":76,"column":8},"end":{"line":76,"column":14}},"21":{"start":{"line":82,"column":4},"end":{"line":84,"column":9}},"22":{"start":{"line":83,"column":8},"end":{"line":83,"column":15}},"23":{"start":{"line":85,"column":4},"end":{"line":194,"column":5}},"24":{"start":{"line":91,"column":8},"end":{"line":99,"column":10}},"25":{"start":{"line":98,"column":12},"end":{"line":98,"column":35}},"26":{"start":{"line":102,"column":8},"end":{"line":104,"column":63}},"27":{"start":{"line":105,"column":8},"end":{"line":105,"column":14}},"28":{"start":{"line":112,"column":8},"end":{"line":121,"column":10},"skip":true},"29":{"start":{"line":119,"column":12},"end":{"line":119,"column":55},"skip":true},"30":{"start":{"line":120,"column":12},"end":{"line":120,"column":48},"skip":true},"31":{"start":{"line":123,"column":8},"end":{"line":136,"column":10},"skip":true},"32":{"start":{"line":130,"column":12},"end":{"line":130,"column":76},"skip":true},"33":{"start":{"line":131,"column":12},"end":{"line":131,"column":73},"skip":true},"34":{"start":{"line":132,"column":12},"end":{"line":132,"column":74},"skip":true},"35":{"start":{"line":133,"column":12},"end":{"line":133,"column":79},"skip":true},"36":{"start":{"line":134,"column":12},"end":{"line":134,"column":25},"skip":true},"37":{"start":{"line":135,"column":12},"end":{"line":135,"column":45},"skip":true},"38":{"start":{"line":138,"column":8},"end":{"line":145,"column":14},"skip":true},"39":{"start":{"line":143,"column":16},"end":{"line":143,"column":29},"skip":true},"40":{"start":{"line":144,"column":16},"end":{"line":144,"column":55},"skip":true},"41":{"start":{"line":147,"column":8},"end":{"line":156,"column":10},"skip":true},"42":{"start":{"line":154,"column":12},"end":{"line":154,"column":25},"skip":true},"43":{"start":{"line":155,"column":12},"end":{"line":155,"column":45},"skip":true},"44":{"start":{"line":158,"column":8},"end":{"line":167,"column":10},"skip":true},"45":{"start":{"line":165,"column":12},"end":{"line":165,"column":25},"skip":true},"46":{"start":{"line":166,"column":12},"end":{"line":166,"column":48},"skip":true},"47":{"start":{"line":169,"column":8},"end":{"line":178,"column":10},"skip":true},"48":{"start":{"line":176,"column":12},"end":{"line":176,"column":25},"skip":true},"49":{"start":{"line":177,"column":12},"end":{"line":177,"column":46},"skip":true},"50":{"start":{"line":180,"column":8},"end":{"line":189,"column":10},"skip":true},"51":{"start":{"line":187,"column":12},"end":{"line":187,"column":94},"skip":true},"52":{"start":{"line":188,"column":12},"end":{"line":188,"column":48},"skip":true},"53":{"start":{"line":192,"column":8},"end":{"line":192,"column":35},"skip":true},"54":{"start":{"line":193,"column":8},"end":{"line":193,"column":14},"skip":true}},"branchMap":{"1":{"line":25,"type":"binary-expr","locations":[{"start":{"line":25,"column":23},"end":{"line":25,"column":62}},{"start":{"line":26,"column":20},"end":{"line":26,"column":70}},{"start":{"line":27,"column":20},"end":{"line":27,"column":71}},{"start":{"line":28,"column":20},"end":{"line":28,"column":29}}]},"2":{"line":30,"type":"binary-expr","locations":[{"start":{"line":30,"column":23},"end":{"line":30,"column":37}},{"start":{"line":31,"column":20},"end":{"line":31,"column":61}},{"start":{"line":32,"column":20},"end":{"line":32,"column":70}},{"start":{"line":33,"column":20},"end":{"line":33,"column":26}}]},"3":{"line":37,"type":"cond-expr","locations":[{"start":{"line":38,"column":14},"end":{"line":38,"column":20}},{"start":{"line":39,"column":14},"end":{"line":39,"column":20}}]},"4":{"line":40,"type":"switch","locations":[{"start":{"line":42,"column":8},"end":{"line":47,"column":18}},{"start":{"line":49,"column":8},"end":{"line":52,"column":18}}]},"5":{"line":44,"type":"binary-expr","locations":[{"start":{"line":44,"column":16},"end":{"line":44,"column":44}},{"start":{"line":44,"column":48},"end":{"line":44,"column":66}}]},"6":{"line":50,"type":"binary-expr","locations":[{"start":{"line":50,"column":21},"end":{"line":50,"column":49}},{"start":{"line":50,"column":53},"end":{"line":50,"column":72}}]},"7":{"line":64,"type":"switch","locations":[{"start":{"line":69,"column":4},"end":{"line":70,"column":14}},{"start":{"line":75,"column":4},"end":{"line":76,"column":14}}]},"8":{"line":85,"type":"switch","locations":[{"start":{"line":90,"column":4},"end":{"line":105,"column":14}},{"start":{"line":111,"column":4},"end":{"line":193,"column":14},"skip":true}]},"9":{"line":91,"type":"binary-expr","locations":[{"start":{"line":91,"column":42},"end":{"line":91,"column":73}},{"start":{"line":91,"column":77},"end":{"line":99,"column":9}}]},"10":{"line":102,"type":"binary-expr","locations":[{"start":{"line":102,"column":18},"end":{"line":102,"column":32}},{"start":{"line":103,"column":12},"end":{"line":103,"column":53}},{"start":{"line":104,"column":12},"end":{"line":104,"column":61}}]},"11":{"line":112,"type":"binary-expr","locations":[{"start":{"line":112,"column":45},"end":{"line":112,"column":79},"skip":true},{"start":{"line":112,"column":83},"end":{"line":121,"column":9},"skip":true}]},"12":{"line":123,"type":"binary-expr","locations":[{"start":{"line":123,"column":42},"end":{"line":123,"column":73},"skip":true},{"start":{"line":123,"column":77},"end":{"line":136,"column":9},"skip":true}]},"13":{"line":138,"type":"binary-expr","locations":[{"start":{"line":138,"column":48},"end":{"line":138,"column":85},"skip":true},{"start":{"line":139,"column":12},"end":{"line":145,"column":13},"skip":true}]},"14":{"line":147,"type":"binary-expr","locations":[{"start":{"line":147,"column":42},"end":{"line":147,"column":73},"skip":true},{"start":{"line":147,"column":77},"end":{"line":156,"column":9},"skip":true}]},"15":{"line":158,"type":"binary-expr","locations":[{"start":{"line":158,"column":45},"end":{"line":158,"column":79},"skip":true},{"start":{"line":158,"column":83},"end":{"line":167,"column":9},"skip":true}]},"16":{"line":169,"type":"binary-expr","locations":[{"start":{"line":169,"column":43},"end":{"line":169,"column":75},"skip":true},{"start":{"line":169,"column":79},"end":{"line":178,"column":9},"skip":true}]},"17":{"line":180,"type":"binary-expr","locations":[{"start":{"line":180,"column":41},"end":{"line":180,"column":71},"skip":true},{"start":{"line":180,"column":75},"end":{"line":189,"column":9},"skip":true}]}},"code":["/* istanbul instrument in package npmtest_timepicker */","/*jslint","    bitwise: true,","    browser: true,","    maxerr: 8,","    maxlen: 96,","    node: true,","    nomen: true,","    regexp: true,","    stupid: true","*/","(function () {","    'use strict';","    var local;","","","","    // run shared js-env code - pre-init","    (function () {","        // init local","        local = {};","        // init modeJs","        local.modeJs = (function () {","            try {","                return typeof navigator.userAgent === 'string' &&","                    typeof document.querySelector('body') === 'object' &&","                    typeof XMLHttpRequest.prototype.open === 'function' &&","                    'browser';","            } catch (errorCaughtBrowser) {","                return module.exports &&","                    typeof process.versions.node === 'string' &&","                    typeof require('http').createServer === 'function' &&","                    'node';","            }","        }());","        // init global","        local.global = local.modeJs === 'browser'","            ? window","            : global;","        switch (local.modeJs) {","        // re-init local from window.local","        case 'browser':","            local = local.global.utility2.objectSetDefault(","                local.global.utility2_rollup || local.global.local,","                local.global.utility2","            );","            break;","        // re-init local from example.js","        case 'node':","            local = (local.global.utility2_rollup || require('utility2'))","                .requireReadme();","            break;","        }","        // export local","        local.global.local = local;","    }());","","","","    // run shared js-env code - function","    (function () {","        return;","    }());","    switch (local.modeJs) {","","","","    // run browser js-env code - function","    case 'browser':","        break;","","","","    // run node js-env code - function","    case 'node':","        break;","    }","","","","    // run shared js-env code - post-init","    (function () {","        return;","    }());","    switch (local.modeJs) {","","","","    // run browser js-env code - post-init","    case 'browser':","        local.testCase_browser_nullCase = local.testCase_browser_nullCase || function (","            options,","            onError","        ) {","        /*","         * this function will test browsers's null-case handling-behavior-behavior","         */","            onError(null, options);","        };","","        // run tests","        local.nop(local.modeTest &&","            document.querySelector('#testRunButton1') &&","            document.querySelector('#testRunButton1').click());","        break;","","","","    // run node js-env code - post-init","    /* istanbul ignore next */","    case 'node':","        local.testCase_buildApidoc_default = local.testCase_buildApidoc_default || function (","            options,","            onError","        ) {","        /*","         * this function will test buildApidoc's default handling-behavior-behavior","         */","            options = { modulePathList: module.paths };","            local.buildApidoc(options, onError);","        };","","        local.testCase_buildApp_default = local.testCase_buildApp_default || function (","            options,","            onError","        ) {","        /*","         * this function will test buildApp's default handling-behavior-behavior","         */","            local.testCase_buildReadme_default(options, local.onErrorThrow);","            local.testCase_buildLib_default(options, local.onErrorThrow);","            local.testCase_buildTest_default(options, local.onErrorThrow);","            local.testCase_buildCustomOrg_default(options, local.onErrorThrow);","            options = [];","            local.buildApp(options, onError);","        };","","        local.testCase_buildCustomOrg_default = local.testCase_buildCustomOrg_default ||","            function (options, onError) {","            /*","             * this function will test buildCustomOrg's default handling-behavior","             */","                options = {};","                local.buildCustomOrg(options, onError);","            };","","        local.testCase_buildLib_default = local.testCase_buildLib_default || function (","            options,","            onError","        ) {","        /*","         * this function will test buildLib's default handling-behavior","         */","            options = {};","            local.buildLib(options, onError);","        };","","        local.testCase_buildReadme_default = local.testCase_buildReadme_default || function (","            options,","            onError","        ) {","        /*","         * this function will test buildReadme's default handling-behavior-behavior","         */","            options = {};","            local.buildReadme(options, onError);","        };","","        local.testCase_buildTest_default = local.testCase_buildTest_default || function (","            options,","            onError","        ) {","        /*","         * this function will test buildTest's default handling-behavior","         */","            options = {};","            local.buildTest(options, onError);","        };","","        local.testCase_webpage_default = local.testCase_webpage_default || function (","            options,","            onError","        ) {","        /*","         * this function will test webpage's default handling-behavior","         */","            options = { modeCoverageMerge: true, url: local.serverLocalHost + '?modeTest=1' };","            local.browserTest(options, onError);","        };","","        // run test-server","        local.testRunServer(local);","        break;","    }","}());",""],"l":{"12":2,"14":2,"19":2,"21":2,"23":2,"24":2,"25":2,"30":1,"37":2,"40":2,"43":1,"47":1,"50":1,"52":1,"55":2,"61":2,"62":2,"64":2,"70":1,"76":1,"82":2,"83":2,"85":2,"91":1,"98":1,"102":1,"105":1,"112":1,"119":1,"120":1,"123":1,"130":1,"131":1,"132":1,"133":1,"134":1,"135":1,"138":1,"143":2,"144":2,"147":1,"154":2,"155":2,"158":1,"165":2,"166":2,"169":1,"176":2,"177":2,"180":1,"187":1,"188":1,"192":1,"193":1}},"/home/travis/build/npmtest/node-npmtest-timepicker/lib.npmtest_timepicker.js":{"path":"/home/travis/build/npmtest/node-npmtest-timepicker/lib.npmtest_timepicker.js","s":{"1":2,"2":2,"3":2,"4":2,"5":2,"6":2,"7":2,"8":1,"9":2,"10":2,"11":2,"12":2,"13":1,"14":1,"15":1,"16":1},"b":{"1":[2,1,1,1],"2":[1,1,1,1],"3":[1,1],"4":[2,2],"5":[1,1]},"f":{"1":2,"2":2,"3":2},"fnMap":{"1":{"name":"(anonymous_1)","line":12,"loc":{"start":{"line":12,"column":1},"end":{"line":12,"column":13}}},"2":{"name":"(anonymous_2)","line":19,"loc":{"start":{"line":19,"column":5},"end":{"line":19,"column":17}}},"3":{"name":"(anonymous_3)","line":23,"loc":{"start":{"line":23,"column":24},"end":{"line":23,"column":36}}}},"statementMap":{"1":{"start":{"line":12,"column":0},"end":{"line":53,"column":5}},"2":{"start":{"line":14,"column":4},"end":{"line":14,"column":14}},"3":{"start":{"line":19,"column":4},"end":{"line":52,"column":9}},"4":{"start":{"line":21,"column":8},"end":{"line":21,"column":19}},"5":{"start":{"line":23,"column":8},"end":{"line":35,"column":13}},"6":{"start":{"line":24,"column":12},"end":{"line":34,"column":13}},"7":{"start":{"line":25,"column":16},"end":{"line":28,"column":30}},"8":{"start":{"line":30,"column":16},"end":{"line":33,"column":27}},"9":{"start":{"line":37,"column":8},"end":{"line":39,"column":21}},"10":{"start":{"line":41,"column":8},"end":{"line":41,"column":54}},"11":{"start":{"line":43,"column":8},"end":{"line":43,"column":55}},"12":{"start":{"line":45,"column":8},"end":{"line":51,"column":9}},"13":{"start":{"line":46,"column":12},"end":{"line":46,"column":61}},"14":{"start":{"line":48,"column":12},"end":{"line":48,"column":35}},"15":{"start":{"line":49,"column":12},"end":{"line":49,"column":49}},"16":{"start":{"line":50,"column":12},"end":{"line":50,"column":43}}},"branchMap":{"1":{"line":25,"type":"binary-expr","locations":[{"start":{"line":25,"column":23},"end":{"line":25,"column":62}},{"start":{"line":26,"column":20},"end":{"line":26,"column":70}},{"start":{"line":27,"column":20},"end":{"line":27,"column":71}},{"start":{"line":28,"column":20},"end":{"line":28,"column":29}}]},"2":{"line":30,"type":"binary-expr","locations":[{"start":{"line":30,"column":23},"end":{"line":30,"column":37}},{"start":{"line":31,"column":20},"end":{"line":31,"column":61}},{"start":{"line":32,"column":20},"end":{"line":32,"column":70}},{"start":{"line":33,"column":20},"end":{"line":33,"column":26}}]},"3":{"line":37,"type":"cond-expr","locations":[{"start":{"line":38,"column":14},"end":{"line":38,"column":20}},{"start":{"line":39,"column":14},"end":{"line":39,"column":20}}]},"4":{"line":41,"type":"binary-expr","locations":[{"start":{"line":41,"column":16},"end":{"line":41,"column":44}},{"start":{"line":41,"column":48},"end":{"line":41,"column":53}}]},"5":{"line":45,"type":"if","locations":[{"start":{"line":45,"column":8},"end":{"line":45,"column":8}},{"start":{"line":45,"column":8},"end":{"line":45,"column":8}}]}},"code":["/* istanbul instrument in package npmtest_timepicker */","/*jslint","    bitwise: true,","    browser: true,","    maxerr: 8,","    maxlen: 96,","    node: true,","    nomen: true,","    regexp: true,","    stupid: true","*/","(function () {","    'use strict';","    var local;","","","","    // run shared js-env code - pre-init","    (function () {","        // init local","        local = {};","        // init modeJs","        local.modeJs = (function () {","            try {","                return typeof navigator.userAgent === 'string' &&","                    typeof document.querySelector('body') === 'object' &&","                    typeof XMLHttpRequest.prototype.open === 'function' &&","                    'browser';","            } catch (errorCaughtBrowser) {","                return module.exports &&","                    typeof process.versions.node === 'string' &&","                    typeof require('http').createServer === 'function' &&","                    'node';","            }","        }());","        // init global","        local.global = local.modeJs === 'browser'","            ? window","            : global;","        // init utility2_rollup","        local = local.global.utility2_rollup || local;","        // init lib","        local.local = local.npmtest_timepicker = local;","        // init exports","        if (local.modeJs === 'browser') {","            local.global.utility2_npmtest_timepicker = local;","        } else {","            module.exports = local;","            module.exports.__dirname = __dirname;","            module.exports.module = module;","        }","    }());","}());",""],"l":{"12":2,"14":2,"19":2,"21":2,"23":2,"24":2,"25":2,"30":1,"37":2,"41":2,"43":2,"45":2,"46":1,"48":1,"49":1,"50":1}},"/home/travis/build/npmtest/node-npmtest-timepicker/example.js":{"path":"/home/travis/build/npmtest/node-npmtest-timepicker/example.js","s":{"1":2,"2":2,"3":2,"4":2,"5":2,"6":2,"7":2,"8":1,"9":2,"10":2,"11":2,"12":2,"13":1,"14":2,"15":2,"16":2,"17":2,"18":2,"19":0,"20":2,"21":1,"22":1,"23":1,"24":1,"25":1,"26":0,"27":0,"28":1,"29":1,"30":2,"31":0,"32":0,"33":0,"34":1,"35":2,"36":2,"37":3,"38":3,"39":3,"40":3,"41":0,"42":3,"43":3,"44":3,"45":1,"46":3,"47":1,"48":1,"49":1,"50":1,"51":1,"52":1,"53":1,"54":1,"55":1,"56":1,"57":0,"58":1,"59":6,"60":6,"61":1,"62":2,"63":0,"64":2,"65":1,"66":1,"67":0,"68":0,"69":0,"70":0,"71":0,"72":0,"73":0,"74":0,"75":0,"76":0,"77":0,"78":0,"79":0,"80":0,"81":0,"82":0,"83":0},"b":{"1":[2,1,1,1],"2":[1,1,1,1],"3":[1,1],"4":[2,2],"5":[1,1],"6":[1,1],"7":[2,0],"8":[2,1,1,1,1,1],"9":[0,2,0],"10":[1,1],"11":[2,1,1],"12":[1,0],"13":[0,2],"14":[2,0,0,0,0,0,0],"15":[0,3],"16":[3,0],"17":[1,1],"18":[0,1],"19":[1,2,0,2],"20":[1,0],"21":[1,1],"22":[0,0],"23":[0,0],"24":[0,0],"25":[0,0],"26":[0,0],"27":[0,0],"28":[0,0]},"f":{"1":2,"2":2,"3":2,"4":2,"5":2,"6":2,"7":3,"8":3,"9":3,"10":1,"11":6,"12":0},"fnMap":{"1":{"name":"(anonymous_1)","line":26,"loc":{"start":{"line":26,"column":1},"end":{"line":26,"column":13}}},"2":{"name":"(anonymous_2)","line":33,"loc":{"start":{"line":33,"column":5},"end":{"line":33,"column":17}}},"3":{"name":"(anonymous_3)","line":37,"loc":{"start":{"line":37,"column":24},"end":{"line":37,"column":36}}},"4":{"name":"(anonymous_4)","line":69,"loc":{"start":{"line":69,"column":31},"end":{"line":69,"column":48}},"skip":true},"5":{"name":"(anonymous_5)","line":78,"loc":{"start":{"line":78,"column":26},"end":{"line":78,"column":45}},"skip":true},"6":{"name":"(anonymous_6)","line":123,"loc":{"start":{"line":123,"column":33},"end":{"line":123,"column":48}},"skip":true},"7":{"name":"(anonymous_7)","line":125,"loc":{"start":{"line":125,"column":27},"end":{"line":125,"column":39}},"skip":true},"8":{"name":"(anonymous_8)","line":133,"loc":{"start":{"line":133,"column":59},"end":{"line":133,"column":74}},"skip":true},"9":{"name":"(anonymous_9)","line":143,"loc":{"start":{"line":143,"column":45},"end":{"line":143,"column":62}},"skip":true},"10":{"name":"(anonymous_10)","line":144,"loc":{"start":{"line":144,"column":73},"end":{"line":144,"column":92}},"skip":true},"11":{"name":"(anonymous_11)","line":272,"loc":{"start":{"line":272,"column":51},"end":{"line":272,"column":77}},"skip":true},"12":{"name":"(anonymous_12)","line":315,"loc":{"start":{"line":315,"column":32},"end":{"line":315,"column":61}},"skip":true}},"statementMap":{"1":{"start":{"line":26,"column":0},"end":{"line":326,"column":5}},"2":{"start":{"line":28,"column":4},"end":{"line":28,"column":14}},"3":{"start":{"line":33,"column":4},"end":{"line":60,"column":9}},"4":{"start":{"line":35,"column":8},"end":{"line":35,"column":19}},"5":{"start":{"line":37,"column":8},"end":{"line":49,"column":13}},"6":{"start":{"line":38,"column":12},"end":{"line":48,"column":13}},"7":{"start":{"line":39,"column":16},"end":{"line":42,"column":30}},"8":{"start":{"line":44,"column":16},"end":{"line":47,"column":27}},"9":{"start":{"line":51,"column":8},"end":{"line":53,"column":21}},"10":{"start":{"line":55,"column":8},"end":{"line":57,"column":45}},"11":{"start":{"line":59,"column":8},"end":{"line":59,"column":35}},"12":{"start":{"line":61,"column":4},"end":{"line":325,"column":5}},"13":{"start":{"line":69,"column":8},"end":{"line":121,"column":10},"skip":true},"14":{"start":{"line":70,"column":12},"end":{"line":88,"column":13},"skip":true},"15":{"start":{"line":76,"column":16},"end":{"line":87,"column":19},"skip":true},"16":{"start":{"line":79,"column":20},"end":{"line":86,"column":21},"skip":true},"17":{"start":{"line":82,"column":24},"end":{"line":82,"column":43},"skip":true},"18":{"start":{"line":83,"column":24},"end":{"line":83,"column":30},"skip":true},"19":{"start":{"line":85,"column":24},"end":{"line":85,"column":49},"skip":true},"20":{"start":{"line":89,"column":12},"end":{"line":107,"column":13},"skip":true},"21":{"start":{"line":92,"column":16},"end":{"line":102,"column":17},"skip":true},"22":{"start":{"line":93,"column":20},"end":{"line":93,"column":86},"skip":true},"23":{"start":{"line":94,"column":20},"end":{"line":95,"column":45},"skip":true},"24":{"start":{"line":96,"column":20},"end":{"line":96,"column":42},"skip":true},"25":{"start":{"line":97,"column":20},"end":{"line":97,"column":48},"skip":true},"26":{"start":{"line":100,"column":20},"end":{"line":100,"column":85},"skip":true},"27":{"start":{"line":101,"column":20},"end":{"line":101,"column":96},"skip":true},"28":{"start":{"line":103,"column":16},"end":{"line":103,"column":22},"skip":true},"29":{"start":{"line":106,"column":16},"end":{"line":106,"column":22},"skip":true},"30":{"start":{"line":108,"column":12},"end":{"line":120,"column":13},"skip":true},"31":{"start":{"line":114,"column":16},"end":{"line":119,"column":17},"skip":true},"32":{"start":{"line":116,"column":20},"end":{"line":116,"column":78},"skip":true},"33":{"start":{"line":118,"column":20},"end":{"line":118,"column":47},"skip":true},"34":{"start":{"line":123,"column":8},"end":{"line":141,"column":11},"skip":true},"35":{"start":{"line":124,"column":12},"end":{"line":124,"column":54},"skip":true},"36":{"start":{"line":125,"column":12},"end":{"line":140,"column":14},"skip":true},"37":{"start":{"line":126,"column":16},"end":{"line":126,"column":28},"skip":true},"38":{"start":{"line":127,"column":16},"end":{"line":127,"column":69},"skip":true},"39":{"start":{"line":128,"column":16},"end":{"line":128,"column":75},"skip":true},"40":{"start":{"line":129,"column":16},"end":{"line":131,"column":17},"skip":true},"41":{"start":{"line":130,"column":20},"end":{"line":130,"column":27},"skip":true},"42":{"start":{"line":133,"column":16},"end":{"line":137,"column":36},"skip":true},"43":{"start":{"line":134,"column":20},"end":{"line":136,"column":55},"skip":true},"44":{"start":{"line":139,"column":16},"end":{"line":139,"column":57},"skip":true},"45":{"start":{"line":143,"column":8},"end":{"line":147,"column":11},"skip":true},"46":{"start":{"line":144,"column":12},"end":{"line":146,"column":15},"skip":true},"47":{"start":{"line":145,"column":16},"end":{"line":145,"column":70},"skip":true},"48":{"start":{"line":149,"column":8},"end":{"line":149,"column":31},"skip":true},"49":{"start":{"line":150,"column":8},"end":{"line":150,"column":14},"skip":true},"50":{"start":{"line":158,"column":8},"end":{"line":158,"column":31},"skip":true},"51":{"start":{"line":160,"column":8},"end":{"line":160,"column":33},"skip":true},"52":{"start":{"line":161,"column":8},"end":{"line":161,"column":37},"skip":true},"53":{"start":{"line":162,"column":8},"end":{"line":162,"column":35},"skip":true},"54":{"start":{"line":164,"column":8},"end":{"line":164,"column":50},"skip":true},"55":{"start":{"line":166,"column":8},"end":{"line":256,"column":2},"skip":true},"56":{"start":{"line":258,"column":8},"end":{"line":286,"column":9},"skip":true},"57":{"start":{"line":259,"column":12},"end":{"line":269,"column":14},"skip":true},"58":{"start":{"line":271,"column":12},"end":{"line":285,"column":19},"skip":true},"59":{"start":{"line":274,"column":20},"end":{"line":274,"column":35},"skip":true},"60":{"start":{"line":275,"column":20},"end":{"line":284,"column":21},"skip":true},"61":{"start":{"line":277,"column":24},"end":{"line":277,"column":64},"skip":true},"62":{"start":{"line":279,"column":24},"end":{"line":279,"column":40},"skip":true},"63":{"start":{"line":281,"column":24},"end":{"line":281,"column":40},"skip":true},"64":{"start":{"line":283,"column":24},"end":{"line":283,"column":39},"skip":true},"65":{"start":{"line":288,"column":8},"end":{"line":290,"column":9},"skip":true},"66":{"start":{"line":289,"column":12},"end":{"line":289,"column":18},"skip":true},"67":{"start":{"line":291,"column":8},"end":{"line":293,"column":54},"skip":true},"68":{"start":{"line":296,"column":8},"end":{"line":301,"column":37},"skip":true},"69":{"start":{"line":303,"column":8},"end":{"line":303,"column":82},"skip":true},"70":{"start":{"line":306,"column":8},"end":{"line":308,"column":9},"skip":true},"71":{"start":{"line":307,"column":12},"end":{"line":307,"column":82},"skip":true},"72":{"start":{"line":310,"column":8},"end":{"line":312,"column":9},"skip":true},"73":{"start":{"line":311,"column":12},"end":{"line":311,"column":18},"skip":true},"74":{"start":{"line":313,"column":8},"end":{"line":313,"column":54},"skip":true},"75":{"start":{"line":314,"column":8},"end":{"line":314,"column":69},"skip":true},"76":{"start":{"line":315,"column":8},"end":{"line":323,"column":36},"skip":true},"77":{"start":{"line":316,"column":12},"end":{"line":316,"column":61},"skip":true},"78":{"start":{"line":317,"column":12},"end":{"line":320,"column":13},"skip":true},"79":{"start":{"line":318,"column":16},"end":{"line":318,"column":75},"skip":true},"80":{"start":{"line":319,"column":16},"end":{"line":319,"column":23},"skip":true},"81":{"start":{"line":321,"column":12},"end":{"line":321,"column":38},"skip":true},"82":{"start":{"line":322,"column":12},"end":{"line":322,"column":27},"skip":true},"83":{"start":{"line":324,"column":8},"end":{"line":324,"column":14},"skip":true}},"branchMap":{"1":{"line":39,"type":"binary-expr","locations":[{"start":{"line":39,"column":23},"end":{"line":39,"column":62}},{"start":{"line":40,"column":20},"end":{"line":40,"column":70}},{"start":{"line":41,"column":20},"end":{"line":41,"column":71}},{"start":{"line":42,"column":20},"end":{"line":42,"column":29}}]},"2":{"line":44,"type":"binary-expr","locations":[{"start":{"line":44,"column":23},"end":{"line":44,"column":37}},{"start":{"line":45,"column":20},"end":{"line":45,"column":61}},{"start":{"line":46,"column":20},"end":{"line":46,"column":70}},{"start":{"line":47,"column":20},"end":{"line":47,"column":26}}]},"3":{"line":51,"type":"cond-expr","locations":[{"start":{"line":52,"column":14},"end":{"line":52,"column":20}},{"start":{"line":53,"column":14},"end":{"line":53,"column":20}}]},"4":{"line":55,"type":"binary-expr","locations":[{"start":{"line":55,"column":16},"end":{"line":55,"column":44}},{"start":{"line":55,"column":49},"end":{"line":57,"column":43}}]},"5":{"line":55,"type":"cond-expr","locations":[{"start":{"line":56,"column":14},"end":{"line":56,"column":54}},{"start":{"line":57,"column":14},"end":{"line":57,"column":43}}]},"6":{"line":61,"type":"switch","locations":[{"start":{"line":68,"column":4},"end":{"line":150,"column":14},"skip":true},{"start":{"line":156,"column":4},"end":{"line":324,"column":14},"skip":true}]},"7":{"line":70,"type":"if","locations":[{"start":{"line":70,"column":12},"end":{"line":70,"column":12},"skip":true},{"start":{"line":70,"column":12},"end":{"line":70,"column":12},"skip":true}]},"8":{"line":70,"type":"binary-expr","locations":[{"start":{"line":70,"column":16},"end":{"line":70,"column":22},"skip":true},{"start":{"line":70,"column":27},"end":{"line":70,"column":32},"skip":true},{"start":{"line":71,"column":20},"end":{"line":71,"column":39},"skip":true},{"start":{"line":72,"column":20},"end":{"line":72,"column":49},"skip":true},{"start":{"line":73,"column":20},"end":{"line":73,"column":58},"skip":true},{"start":{"line":74,"column":20},"end":{"line":74,"column":69},"skip":true}]},"9":{"line":79,"type":"switch","locations":[{"start":{"line":80,"column":20},"end":{"line":80,"column":33},"skip":true},{"start":{"line":81,"column":20},"end":{"line":83,"column":30},"skip":true},{"start":{"line":84,"column":20},"end":{"line":85,"column":49},"skip":true}]},"10":{"line":89,"type":"switch","locations":[{"start":{"line":90,"column":12},"end":{"line":103,"column":22},"skip":true},{"start":{"line":105,"column":12},"end":{"line":106,"column":22},"skip":true}]},"11":{"line":89,"type":"binary-expr","locations":[{"start":{"line":89,"column":20},"end":{"line":89,"column":25},"skip":true},{"start":{"line":89,"column":29},"end":{"line":89,"column":48},"skip":true},{"start":{"line":89,"column":52},"end":{"line":89,"column":74},"skip":true}]},"12":{"line":92,"type":"if","locations":[{"start":{"line":92,"column":16},"end":{"line":92,"column":16},"skip":true},{"start":{"line":92,"column":16},"end":{"line":92,"column":16},"skip":true}]},"13":{"line":108,"type":"if","locations":[{"start":{"line":108,"column":12},"end":{"line":108,"column":12},"skip":true},{"start":{"line":108,"column":12},"end":{"line":108,"column":12},"skip":true}]},"14":{"line":108,"type":"binary-expr","locations":[{"start":{"line":108,"column":16},"end":{"line":108,"column":61},"skip":true},{"start":{"line":108,"column":66},"end":{"line":108,"column":72},"skip":true},{"start":{"line":108,"column":77},"end":{"line":108,"column":82},"skip":true},{"start":{"line":109,"column":20},"end":{"line":109,"column":39},"skip":true},{"start":{"line":110,"column":20},"end":{"line":110,"column":49},"skip":true},{"start":{"line":111,"column":20},"end":{"line":111,"column":58},"skip":true},{"start":{"line":112,"column":20},"end":{"line":112,"column":68},"skip":true}]},"15":{"line":129,"type":"if","locations":[{"start":{"line":129,"column":16},"end":{"line":129,"column":16},"skip":true},{"start":{"line":129,"column":16},"end":{"line":129,"column":16},"skip":true}]},"16":{"line":134,"type":"cond-expr","locations":[{"start":{"line":135,"column":26},"end":{"line":135,"column":29},"skip":true},{"start":{"line":136,"column":26},"end":{"line":136,"column":54},"skip":true}]},"17":{"line":164,"type":"binary-expr","locations":[{"start":{"line":164,"column":27},"end":{"line":164,"column":43},"skip":true},{"start":{"line":164,"column":47},"end":{"line":164,"column":49},"skip":true}]},"18":{"line":258,"type":"if","locations":[{"start":{"line":258,"column":8},"end":{"line":258,"column":8},"skip":true},{"start":{"line":258,"column":8},"end":{"line":258,"column":8},"skip":true}]},"19":{"line":275,"type":"switch","locations":[{"start":{"line":276,"column":20},"end":{"line":277,"column":64},"skip":true},{"start":{"line":278,"column":20},"end":{"line":279,"column":40},"skip":true},{"start":{"line":280,"column":20},"end":{"line":281,"column":40},"skip":true},{"start":{"line":282,"column":20},"end":{"line":283,"column":39},"skip":true}]},"20":{"line":288,"type":"if","locations":[{"start":{"line":288,"column":8},"end":{"line":288,"column":8},"skip":true},{"start":{"line":288,"column":8},"end":{"line":288,"column":8},"skip":true}]},"21":{"line":288,"type":"binary-expr","locations":[{"start":{"line":288,"column":12},"end":{"line":288,"column":40},"skip":true},{"start":{"line":288,"column":44},"end":{"line":288,"column":67},"skip":true}]},"22":{"line":292,"type":"binary-expr","locations":[{"start":{"line":292,"column":12},"end":{"line":292,"column":50},"skip":true},{"start":{"line":293,"column":12},"end":{"line":293,"column":53},"skip":true}]},"23":{"line":297,"type":"binary-expr","locations":[{"start":{"line":297,"column":12},"end":{"line":297,"column":68},"skip":true},{"start":{"line":298,"column":12},"end":{"line":301,"column":36},"skip":true}]},"24":{"line":303,"type":"binary-expr","locations":[{"start":{"line":303,"column":43},"end":{"line":303,"column":75},"skip":true},{"start":{"line":303,"column":79},"end":{"line":303,"column":81},"skip":true}]},"25":{"line":306,"type":"if","locations":[{"start":{"line":306,"column":8},"end":{"line":306,"column":8},"skip":true},{"start":{"line":306,"column":8},"end":{"line":306,"column":8},"skip":true}]},"26":{"line":310,"type":"if","locations":[{"start":{"line":310,"column":8},"end":{"line":310,"column":8},"skip":true},{"start":{"line":310,"column":8},"end":{"line":310,"column":8},"skip":true}]},"27":{"line":313,"type":"binary-expr","locations":[{"start":{"line":313,"column":27},"end":{"line":313,"column":43},"skip":true},{"start":{"line":313,"column":47},"end":{"line":313,"column":53},"skip":true}]},"28":{"line":317,"type":"if","locations":[{"start":{"line":317,"column":12},"end":{"line":317,"column":12},"skip":true},{"start":{"line":317,"column":12},"end":{"line":317,"column":12},"skip":true}]}},"code":["/*","example.js","","quickstart example","","instruction","    1. save this script as example.js","    2. run the shell command:","        $ npm install npmtest-timepicker && PORT=8081 node example.js","    3. play with the browser-demo on http://127.0.0.1:8081","*/","","","","/* istanbul instrument in package npmtest_timepicker */","/*jslint","    bitwise: true,","    browser: true,","    maxerr: 8,","    maxlen: 96,","    node: true,","    nomen: true,","    regexp: true,","    stupid: true","*/","(function () {","    'use strict';","    var local;","","","","    // run shared js-env code - pre-init","    (function () {","        // init local","        local = {};","        // init modeJs","        local.modeJs = (function () {","            try {","                return typeof navigator.userAgent === 'string' &&","                    typeof document.querySelector('body') === 'object' &&","                    typeof XMLHttpRequest.prototype.open === 'function' &&","                    'browser';","            } catch (errorCaughtBrowser) {","                return module.exports &&","                    typeof process.versions.node === 'string' &&","                    typeof require('http').createServer === 'function' &&","                    'node';","            }","        }());","        // init global","        local.global = local.modeJs === 'browser'","            ? window","            : global;","        // init utility2_rollup","        local = local.global.utility2_rollup || (local.modeJs === 'browser'","            ? local.global.utility2_npmtest_timepicker","            : global.utility2_moduleExports);","        // export local","        local.global.local = local;","    }());","    switch (local.modeJs) {","","","","    // post-init","    // run browser js-env code - post-init","    /* istanbul ignore next */","    case 'browser':","        local.testRunBrowser = function (event) {","            if (!event || (event &&","                    event.currentTarget &&","                    event.currentTarget.className &&","                    event.currentTarget.className.includes &&","                    event.currentTarget.className.includes('onreset'))) {","                // reset output","                Array.from(","                    document.querySelectorAll('body > .resettable')","                ).forEach(function (element) {","                    switch (element.tagName) {","                    case 'INPUT':","                    case 'TEXTAREA':","                        element.value = '';","                        break;","                    default:","                        element.textContent = '';","                    }","                });","            }","            switch (event && event.currentTarget && event.currentTarget.id) {","            case 'testRunButton1':","                // show tests","                if (document.querySelector('#testReportDiv1').style.display === 'none') {","                    document.querySelector('#testReportDiv1').style.display = 'block';","                    document.querySelector('#testRunButton1').textContent =","                        'hide internal test';","                    local.modeTest = true;","                    local.testRunDefault(local);","                // hide tests","                } else {","                    document.querySelector('#testReportDiv1').style.display = 'none';","                    document.querySelector('#testRunButton1').textContent = 'run internal test';","                }","                break;","            // custom-case","            default:","                break;","            }","            if (document.querySelector('#inputTextareaEval1') && (!event || (event &&","                    event.currentTarget &&","                    event.currentTarget.className &&","                    event.currentTarget.className.includes &&","                    event.currentTarget.className.includes('oneval')))) {","                // try to eval input-code","                try {","                    /*jslint evil: true*/","                    eval(document.querySelector('#inputTextareaEval1').value);","                } catch (errorCaught) {","                    console.error(errorCaught);","                }","            }","        };","        // log stderr and stdout to #outputTextareaStdout1","        ['error', 'log'].forEach(function (key) {","            console[key + '_original'] = console[key];","            console[key] = function () {","                var element;","                console[key + '_original'].apply(console, arguments);","                element = document.querySelector('#outputTextareaStdout1');","                if (!element) {","                    return;","                }","                // append text to #outputTextareaStdout1","                element.value += Array.from(arguments).map(function (arg) {","                    return typeof arg === 'string'","                        ? arg","                        : JSON.stringify(arg, null, 4);","                }).join(' ') + '\\n';","                // scroll textarea to bottom","                element.scrollTop = element.scrollHeight;","            };","        });","        // init event-handling","        ['change', 'click', 'keyup'].forEach(function (event) {","            Array.from(document.querySelectorAll('.on' + event)).forEach(function (element) {","                element.addEventListener(event, local.testRunBrowser);","            });","        });","        // run tests","        local.testRunBrowser();","        break;","","","","    // run node js-env code - post-init","    /* istanbul ignore next */","    case 'node':","        // export local","        module.exports = local;","        // require modules","        local.fs = require('fs');","        local.http = require('http');","        local.url = require('url');","        // init assets","        local.assetsDict = local.assetsDict || {};","        /* jslint-ignore-begin */","        local.assetsDict['/assets.index.template.html'] = '\\","<!doctype html>\\n\\","<html lang=\"en\">\\n\\","<head>\\n\\","<meta charset=\"UTF-8\">\\n\\","<meta name=\"viewport\" content=\"width=device-width, initial-scale=1\">\\n\\","<title>{{env.npm_package_name}} (v{{env.npm_package_version}})</title>\\n\\","<style>\\n\\","/*csslint\\n\\","    box-sizing: false,\\n\\","    universal-selector: false\\n\\","*/\\n\\","* {\\n\\","    box-sizing: border-box;\\n\\","}\\n\\","body {\\n\\","    background: #dde;\\n\\","    font-family: Arial, Helvetica, sans-serif;\\n\\","    margin: 2rem;\\n\\","}\\n\\","body > * {\\n\\","    margin-bottom: 1rem;\\n\\","}\\n\\",".utility2FooterDiv {\\n\\","    margin-top: 20px;\\n\\","    text-align: center;\\n\\","}\\n\\","</style>\\n\\","<style>\\n\\","/*csslint\\n\\","*/\\n\\","textarea {\\n\\","    font-family: monospace;\\n\\","    height: 10rem;\\n\\","    width: 100%;\\n\\","}\\n\\","textarea[readonly] {\\n\\","    background: #ddd;\\n\\","}\\n\\","</style>\\n\\","</head>\\n\\","<body>\\n\\","<!-- utility2-comment\\n\\","<div id=\"ajaxProgressDiv1\" style=\"background: #d00; height: 2px; left: 0; margin: 0; padding: 0; position: fixed; top: 0; transition: background 0.5s, width 1.5s; width: 25%;\"></div>\\n\\","utility2-comment -->\\n\\","<h1>\\n\\","<!-- utility2-comment\\n\\","    <a\\n\\","        {{#if env.npm_package_homepage}}\\n\\","        href=\"{{env.npm_package_homepage}}\"\\n\\","        {{/if env.npm_package_homepage}}\\n\\","        target=\"_blank\"\\n\\","    >\\n\\","utility2-comment -->\\n\\","        {{env.npm_package_name}} (v{{env.npm_package_version}})\\n\\","<!-- utility2-comment\\n\\","    </a>\\n\\","utility2-comment -->\\n\\","</h1>\\n\\","<h3>{{env.npm_package_description}}</h3>\\n\\","<!-- utility2-comment\\n\\","<h4><a download href=\"assets.app.js\">download standalone app</a></h4>\\n\\","<button class=\"onclick onreset\" id=\"testRunButton1\">run internal test</button><br>\\n\\","<div id=\"testReportDiv1\" style=\"display: none;\"></div>\\n\\","utility2-comment -->\\n\\","\\n\\","\\n\\","\\n\\","<label>stderr and stdout</label>\\n\\","<textarea class=\"resettable\" id=\"outputTextareaStdout1\" readonly></textarea>\\n\\","<!-- utility2-comment\\n\\","{{#if isRollup}}\\n\\","<script src=\"assets.app.js\"></script>\\n\\","{{#unless isRollup}}\\n\\","utility2-comment -->\\n\\","<script src=\"assets.utility2.rollup.js\"></script>\\n\\","<script src=\"jsonp.utility2._stateInit?callback=window.utility2._stateInit\"></script>\\n\\","<script src=\"assets.npmtest_timepicker.rollup.js\"></script>\\n\\","<script src=\"assets.example.js\"></script>\\n\\","<script src=\"assets.test.js\"></script>\\n\\","<!-- utility2-comment\\n\\","{{/if isRollup}}\\n\\","utility2-comment -->\\n\\","<div class=\"utility2FooterDiv\">\\n\\","    [ this app was created with\\n\\","    <a href=\"https://github.com/kaizhu256/node-utility2\" target=\"_blank\">utility2</a>\\n\\","    ]\\n\\","</div>\\n\\","</body>\\n\\","</html>\\n\\","';","        /* jslint-ignore-end */","        if (local.templateRender) {","            local.assetsDict['/'] = local.templateRender(","                local.assetsDict['/assets.index.template.html'],","                {","                    env: local.objectSetDefault(local.env, {","                        npm_package_description: 'the greatest app in the world!',","                        npm_package_name: 'my-app',","                        npm_package_nameAlias: 'my_app',","                        npm_package_version: '0.0.1'","                    })","                }","            );","        } else {","            local.assetsDict['/'] = local.assetsDict['/assets.index.template.html']","                .replace((/\\{\\{env\\.(\\w+?)\\}\\}/g), function (match0, match1) {","                    // jslint-hack","                    String(match0);","                    switch (match1) {","                    case 'npm_package_description':","                        return 'the greatest app in the world!';","                    case 'npm_package_name':","                        return 'my-app';","                    case 'npm_package_nameAlias':","                        return 'my_app';","                    case 'npm_package_version':","                        return '0.0.1';","                    }","                });","        }","        // run the cli","        if (local.global.utility2_rollup || module !== require.main) {","            break;","        }","        local.assetsDict['/assets.example.js'] =","            local.assetsDict['/assets.example.js'] ||","            local.fs.readFileSync(__filename, 'utf8');","        // bug-workaround - long $npm_package_buildCustomOrg","        /* jslint-ignore-begin */","        local.assetsDict['/assets.npmtest_timepicker.rollup.js'] =","            local.assetsDict['/assets.npmtest_timepicker.rollup.js'] ||","            local.fs.readFileSync(","                local.npmtest_timepicker.__dirname + '/lib.npmtest_timepicker.js',","                'utf8'","            ).replace((/^#!/), '//');","        /* jslint-ignore-end */","        local.assetsDict['/favicon.ico'] = local.assetsDict['/favicon.ico'] || '';","        // if $npm_config_timeout_exit exists,","        // then exit this process after $npm_config_timeout_exit ms","        if (Number(process.env.npm_config_timeout_exit)) {","            setTimeout(process.exit, Number(process.env.npm_config_timeout_exit));","        }","        // start server","        if (local.global.utility2_serverHttp1) {","            break;","        }","        process.env.PORT = process.env.PORT || '8081';","        console.error('server starting on port ' + process.env.PORT);","        local.http.createServer(function (request, response) {","            request.urlParsed = local.url.parse(request.url);","            if (local.assetsDict[request.urlParsed.pathname] !== undefined) {","                response.end(local.assetsDict[request.urlParsed.pathname]);","                return;","            }","            response.statusCode = 404;","            response.end();","        }).listen(process.env.PORT);","        break;","    }","}());",""],"l":{"26":2,"28":2,"33":2,"35":2,"37":2,"38":2,"39":2,"44":1,"51":2,"55":2,"59":2,"61":2,"69":1,"70":2,"76":2,"79":2,"82":2,"83":2,"85":1,"89":2,"92":1,"93":1,"94":1,"96":1,"97":1,"100":1,"101":1,"103":1,"106":1,"108":2,"114":1,"116":1,"118":1,"123":1,"124":2,"125":2,"126":3,"127":3,"128":3,"129":3,"130":1,"133":3,"134":3,"139":3,"143":1,"144":3,"145":1,"149":1,"150":1,"158":1,"160":1,"161":1,"162":1,"164":1,"166":1,"258":1,"259":1,"271":1,"274":6,"275":6,"277":1,"279":2,"281":1,"283":2,"288":1,"289":1,"291":1,"296":1,"303":1,"306":1,"307":1,"310":1,"311":1,"313":1,"314":1,"315":1,"316":1,"317":1,"318":1,"319":1,"321":1,"322":1,"324":1}},"/home/travis/build/npmtest/node-npmtest-timepicker/node_modules/timepicker/jquery.timepicker.min.js":{"path":"/home/travis/build/npmtest/node-npmtest-timepicker/node_modules/timepicker/jquery.timepicker.min.js","s":{"1":2,"2":2,"3":1,"4":0,"5":0,"6":1,"7":0,"8":0,"9":0,"10":0,"11":0,"12":0,"13":0,"14":0,"15":0,"16":0,"17":0,"18":0,"19":0,"20":0,"21":0,"22":0,"23":0,"24":1,"25":0,"26":0,"27":0,"28":0,"29":0,"30":0,"31":0,"32":0,"33":0,"34":0,"35":0,"36":0,"37":0,"38":0,"39":0,"40":0,"41":0,"42":0,"43":0,"44":0,"45":0,"46":0,"47":0,"48":0,"49":0,"50":0,"51":0,"52":0,"53":0,"54":0,"55":0,"56":0,"57":0,"58":0,"59":0,"60":0,"61":0,"62":0,"63":0,"64":0,"65":0,"66":0,"67":0,"68":0,"69":0,"70":0,"71":0,"72":0,"73":0,"74":1,"75":0,"76":0,"77":1,"78":0,"79":1,"80":0,"81":0,"82":0,"83":1,"84":0,"85":0,"86":1,"87":0,"88":0,"89":0,"90":0,"91":0,"92":0,"93":0,"94":1,"95":0,"96":0,"97":0,"98":0,"99":0,"100":0,"101":0,"102":1,"103":0,"104":0,"105":0,"106":0,"107":0,"108":0,"109":0,"110":0,"111":0,"112":0,"113":0,"114":0,"115":0,"116":1,"117":0,"118":1,"119":0,"120":0,"121":0,"122":0,"123":0,"124":1,"125":0,"126":0,"127":0,"128":1,"129":0,"130":0,"131":0,"132":0,"133":0,"134":0,"135":0,"136":0,"137":0,"138":0,"139":0,"140":0,"141":0,"142":0,"143":0,"144":0,"145":0,"146":1,"147":0,"148":0,"149":0,"150":0,"151":0,"152":1,"153":0,"154":0,"155":1,"156":0,"157":0,"158":0,"159":1,"160":0,"161":0,"162":0,"163":0,"164":0,"165":0,"166":0,"167":0,"168":0,"169":0,"170":0,"171":0,"172":0,"173":0,"174":0,"175":0,"176":0,"177":0,"178":0,"179":0,"180":0,"181":0,"182":0,"183":0,"184":0,"185":0,"186":0,"187":0,"188":0,"189":0,"190":1,"191":0,"192":0,"193":0,"194":0,"195":0,"196":0,"197":0,"198":0,"199":0,"200":0,"201":0,"202":0,"203":0,"204":0,"205":0,"206":0,"207":0,"208":0,"209":0,"210":0,"211":0,"212":0,"213":0,"214":0,"215":1,"216":0,"217":2,"218":0,"219":0,"220":0,"221":0,"222":0,"223":0,"224":0,"225":0,"226":0,"227":0,"228":0,"229":0,"230":0,"231":0,"232":0,"233":0,"234":0,"235":0,"236":0,"237":0,"238":0,"239":0,"240":0,"241":0,"242":0,"243":0,"244":0,"245":0,"246":0,"247":0,"248":0,"249":0,"250":0,"251":0,"252":0,"253":0,"254":0,"255":0,"256":0,"257":0,"258":0,"259":0,"260":0,"261":0,"262":0,"263":0,"264":0,"265":0,"266":0,"267":0,"268":0,"269":0,"270":0,"271":0,"272":0,"273":0,"274":0,"275":0,"276":0,"277":0,"278":0,"279":0,"280":0,"281":0,"282":2,"283":0,"284":0,"285":0,"286":0,"287":0,"288":0,"289":0},"b":{"1":[2,0],"2":[2,2,2,2,2],"3":[0,0],"4":[0,0],"5":[0,0],"6":[0,0],"7":[0,0],"8":[0,0],"9":[0,0,0],"10":[0,0],"11":[0,0],"12":[0,0],"13":[0,0],"14":[0,0,0],"15":[0,0,0],"16":[0,0],"17":[0,0],"18":[0,0,0],"19":[0,0],"20":[0,0],"21":[0,0],"22":[0,0],"23":[0,0],"24":[0,0],"25":[0,0],"26":[0,0,0],"27":[0,0],"28":[0,0],"29":[0,0],"30":[0,0],"31":[0,0],"32":[0,0],"33":[0,0,0,0],"34":[0,0],"35":[0,0],"36":[0,0],"37":[0,0],"38":[0,0,0],"39":[0,0],"40":[0,0],"41":[0,0],"42":[0,0,0,0],"43":[0,0],"44":[0,0],"45":[0,0],"46":[0,0],"47":[0,0],"48":[0,0],"49":[0,0],"50":[0,0],"51":[0,0],"52":[0,0],"53":[0,0],"54":[0,0],"55":[0,0,0],"56":[0,0,0],"57":[0,0],"58":[0,0],"59":[0,0],"60":[0,0],"61":[0,0],"62":[0,0],"63":[0,0,0],"64":[0,0],"65":[0,0],"66":[0,0],"67":[0,0,0],"68":[0,0],"69":[0,0],"70":[0,0,0,0,0],"71":[0,0],"72":[0,0],"73":[0,0],"74":[0,0],"75":[0,0,0,0],"76":[0,0],"77":[0,0],"78":[0,0,0,0],"79":[0,0],"80":[0,0],"81":[0,0],"82":[0,0,0],"83":[0,0],"84":[0,0],"85":[0,0],"86":[0,0],"87":[0,0,0,0,0,0],"88":[0,0],"89":[0,0],"90":[0,0],"91":[0,0],"92":[0,0],"93":[0,0],"94":[0,0],"95":[0,0],"96":[0,0],"97":[0,0],"98":[0,0,0],"99":[0,0,0,0,0,0,0,0,0,0,0,0,0,0,0,0,0,0,0,0,0,0,0,0,0,0],"100":[0,0],"101":[0,0],"102":[0,0],"103":[0,0],"104":[0,0],"105":[0,0],"106":[0,0,0],"107":[0,0],"108":[0,0,0],"109":[0,0],"110":[0,0],"111":[0,0],"112":[0,0,0,0,0,0,0,0,0,0],"113":[0,0],"114":[0,0],"115":[0,0],"116":[0,0],"117":[0,0],"118":[0,0,0],"119":[0,0],"120":[0,0],"121":[0,0],"122":[0,0],"123":[0,0],"124":[0,0],"125":[0,0],"126":[0,0],"127":[0,0],"128":[0,0],"129":[0,0,0],"130":[0,0],"131":[0,0],"132":[0,0],"133":[0,0],"134":[0,0],"135":[0,0],"136":[0,0],"137":[0,0],"138":[0,0],"139":[0,0],"140":[0,0],"141":[0,0],"142":[0,0],"143":[0,0],"144":[0,0,0,0,0],"145":[0,0,0],"146":[0,0],"147":[0,0],"148":[0,0],"149":[0,0],"150":[0,0],"151":[0,0],"152":[0,0],"153":[0,0],"154":[0,0],"155":[0,0],"156":[0,0],"157":[0,0],"158":[0,0,0,0],"159":[0,0],"160":[0,0],"161":[0,0],"162":[0,0],"163":[0,0],"164":[0,0],"165":[0,0],"166":[0,0],"167":[0,0],"168":[0,0],"169":[0,0],"170":[0,0],"171":[0,0,0],"172":[0,0],"173":[0,0,0],"174":[0,0],"175":[0,0],"176":[0,0],"177":[0,0],"178":[0,0],"179":[0,0],"180":[0,0],"181":[0,0],"182":[0,0],"183":[0,0],"184":[0,0],"185":[0,0,0,0],"186":[0,0],"187":[0,0],"188":[0,0],"189":[0,0],"190":[0,0],"191":[0,0],"192":[0,0],"193":[0,0],"194":[0,0],"195":[0,0],"196":[0,0],"197":[0,0],"198":[0,0]},"f":{"1":2,"2":2,"3":0,"4":0,"5":0,"6":0,"7":0,"8":0,"9":0,"10":0,"11":0,"12":0,"13":0,"14":0,"15":0,"16":0,"17":0,"18":0,"19":0,"20":0,"21":0,"22":0,"23":0,"24":0,"25":0,"26":0,"27":0,"28":0,"29":0,"30":0,"31":0,"32":0,"33":0,"34":0,"35":0,"36":0,"37":0,"38":0,"39":0,"40":0,"41":0,"42":0,"43":0,"44":0,"45":0,"46":0,"47":0,"48":0,"49":0,"50":0,"51":0,"52":0},"fnMap":{"1":{"name":"(anonymous_1)","line":7,"loc":{"start":{"line":7,"column":1},"end":{"line":7,"column":12}}},"2":{"name":"(anonymous_2)","line":7,"loc":{"start":{"line":7,"column":197},"end":{"line":7,"column":208}}},"3":{"name":"b","line":7,"loc":{"start":{"line":7,"column":209},"end":{"line":7,"column":222}}},"4":{"name":"c","line":7,"loc":{"start":{"line":7,"column":275},"end":{"line":7,"column":288}}},"5":{"name":"(anonymous_5)","line":7,"loc":{"start":{"line":7,"column":489},"end":{"line":7,"column":499}}},"6":{"name":"(anonymous_6)","line":7,"loc":{"start":{"line":7,"column":641},"end":{"line":7,"column":651}}},"7":{"name":"(anonymous_7)","line":7,"loc":{"start":{"line":7,"column":720},"end":{"line":7,"column":730}}},"8":{"name":"(anonymous_8)","line":7,"loc":{"start":{"line":7,"column":1146},"end":{"line":7,"column":1159}}},"9":{"name":"d","line":7,"loc":{"start":{"line":7,"column":1480},"end":{"line":7,"column":1493}}},"10":{"name":"(anonymous_10)","line":7,"loc":{"start":{"line":7,"column":2670},"end":{"line":7,"column":2680}}},"11":{"name":"(anonymous_11)","line":7,"loc":{"start":{"line":7,"column":3396},"end":{"line":7,"column":3406}}},"12":{"name":"(anonymous_12)","line":7,"loc":{"start":{"line":7,"column":3480},"end":{"line":7,"column":3490}}},"13":{"name":"(anonymous_13)","line":7,"loc":{"start":{"line":7,"column":3566},"end":{"line":7,"column":3576}}},"14":{"name":"(anonymous_14)","line":7,"loc":{"start":{"line":7,"column":3774},"end":{"line":7,"column":3785}}},"15":{"name":"(anonymous_15)","line":7,"loc":{"start":{"line":7,"column":3844},"end":{"line":7,"column":3854}}},"16":{"name":"(anonymous_16)","line":7,"loc":{"start":{"line":7,"column":4119},"end":{"line":7,"column":4130}}},"17":{"name":"e","line":7,"loc":{"start":{"line":7,"column":4191},"end":{"line":7,"column":4206}}},"18":{"name":"f","line":7,"loc":{"start":{"line":7,"column":4436},"end":{"line":7,"column":4451}}},"19":{"name":"g","line":7,"loc":{"start":{"line":7,"column":4508},"end":{"line":7,"column":4521}}},"20":{"name":"h","line":7,"loc":{"start":{"line":7,"column":4731},"end":{"line":7,"column":4744}}},"21":{"name":"i","line":7,"loc":{"start":{"line":7,"column":4874},"end":{"line":7,"column":4891}}},"22":{"name":"(anonymous_22)","line":7,"loc":{"start":{"line":7,"column":5006},"end":{"line":7,"column":5019}}},"23":{"name":"j","line":7,"loc":{"start":{"line":7,"column":5111},"end":{"line":7,"column":5126}}},"24":{"name":"k","line":7,"loc":{"start":{"line":7,"column":5433},"end":{"line":7,"column":5448}}},"25":{"name":"(anonymous_25)","line":7,"loc":{"start":{"line":7,"column":5758},"end":{"line":7,"column":5768}}},"26":{"name":"l","line":7,"loc":{"start":{"line":7,"column":5977},"end":{"line":7,"column":5990}}},"27":{"name":"m","line":7,"loc":{"start":{"line":7,"column":6050},"end":{"line":7,"column":6067}}},"28":{"name":"n","line":7,"loc":{"start":{"line":7,"column":6467},"end":{"line":7,"column":6480}}},"29":{"name":"o","line":7,"loc":{"start":{"line":7,"column":6549},"end":{"line":7,"column":6562}}},"30":{"name":"(anonymous_30)","line":7,"loc":{"start":{"line":7,"column":7101},"end":{"line":7,"column":7114}}},"31":{"name":"(anonymous_31)","line":7,"loc":{"start":{"line":7,"column":7289},"end":{"line":7,"column":7302}}},"32":{"name":"p","line":7,"loc":{"start":{"line":7,"column":7717},"end":{"line":7,"column":7730}}},"33":{"name":"q","line":7,"loc":{"start":{"line":7,"column":8117},"end":{"line":7,"column":8130}}},"34":{"name":"r","line":7,"loc":{"start":{"line":7,"column":8378},"end":{"line":7,"column":8393}}},"35":{"name":"s","line":7,"loc":{"start":{"line":7,"column":8607},"end":{"line":7,"column":8622}}},"36":{"name":"t","line":7,"loc":{"start":{"line":7,"column":9423},"end":{"line":7,"column":9438}}},"37":{"name":"u","line":7,"loc":{"start":{"line":7,"column":10205},"end":{"line":7,"column":10220}}},"38":{"name":"(anonymous_38)","line":7,"loc":{"start":{"line":7,"column":10349},"end":{"line":7,"column":10360}}},"39":{"name":"(anonymous_39)","line":7,"loc":{"start":{"line":7,"column":10378},"end":{"line":7,"column":10388}}},"40":{"name":"(anonymous_40)","line":7,"loc":{"start":{"line":7,"column":10927},"end":{"line":7,"column":10938}}},"41":{"name":"(anonymous_41)","line":7,"loc":{"start":{"line":7,"column":12288},"end":{"line":7,"column":12299}}},"42":{"name":"(anonymous_42)","line":7,"loc":{"start":{"line":7,"column":12603},"end":{"line":7,"column":12614}}},"43":{"name":"(anonymous_43)","line":7,"loc":{"start":{"line":7,"column":12726},"end":{"line":7,"column":12736}}},"44":{"name":"(anonymous_44)","line":7,"loc":{"start":{"line":7,"column":12902},"end":{"line":7,"column":12915}}},"45":{"name":"(anonymous_45)","line":7,"loc":{"start":{"line":7,"column":13013},"end":{"line":7,"column":13023}}},"46":{"name":"(anonymous_46)","line":7,"loc":{"start":{"line":7,"column":13333},"end":{"line":7,"column":13343}}},"47":{"name":"(anonymous_47)","line":7,"loc":{"start":{"line":7,"column":13371},"end":{"line":7,"column":13382}}},"48":{"name":"(anonymous_48)","line":7,"loc":{"start":{"line":7,"column":13591},"end":{"line":7,"column":13601}}},"49":{"name":"(anonymous_49)","line":7,"loc":{"start":{"line":7,"column":13669},"end":{"line":7,"column":13680}}},"50":{"name":"(anonymous_50)","line":7,"loc":{"start":{"line":7,"column":13899},"end":{"line":7,"column":13909}}},"51":{"name":"(anonymous_51)","line":7,"loc":{"start":{"line":7,"column":14271},"end":{"line":7,"column":14282}}},"52":{"name":"(anonymous_52)","line":7,"loc":{"start":{"line":7,"column":14782},"end":{"line":7,"column":14795}}}},"statementMap":{"1":{"start":{"line":7,"column":0},"end":{"line":7,"column":15161}},"2":{"start":{"line":7,"column":13},"end":{"line":7,"column":195}},"3":{"start":{"line":7,"column":209},"end":{"line":7,"column":275}},"4":{"start":{"line":7,"column":223},"end":{"line":7,"column":234}},"5":{"start":{"line":7,"column":234},"end":{"line":7,"column":274}},"6":{"start":{"line":7,"column":275},"end":{"line":7,"column":1480}},"7":{"start":{"line":7,"column":289},"end":{"line":7,"column":772}},"8":{"start":{"line":7,"column":473},"end":{"line":7,"column":542}},"9":{"start":{"line":7,"column":500},"end":{"line":7,"column":540}},"10":{"start":{"line":7,"column":547},"end":{"line":7,"column":772}},"11":{"start":{"line":7,"column":603},"end":{"line":7,"column":625}},"12":{"start":{"line":7,"column":625},"end":{"line":7,"column":686}},"13":{"start":{"line":7,"column":652},"end":{"line":7,"column":685}},"14":{"start":{"line":7,"column":692},"end":{"line":7,"column":772}},"15":{"start":{"line":7,"column":731},"end":{"line":7,"column":769}},"16":{"start":{"line":7,"column":772},"end":{"line":7,"column":1471}},"17":{"start":{"line":7,"column":985},"end":{"line":7,"column":1101}},"18":{"start":{"line":7,"column":1018},"end":{"line":7,"column":1101}},"19":{"start":{"line":7,"column":1101},"end":{"line":7,"column":1179}},"20":{"start":{"line":7,"column":1160},"end":{"line":7,"column":1176}},"21":{"start":{"line":7,"column":1179},"end":{"line":7,"column":1470}},"22":{"start":{"line":7,"column":1226},"end":{"line":7,"column":1470}},"23":{"start":{"line":7,"column":1471},"end":{"line":7,"column":1479}},"24":{"start":{"line":7,"column":1480},"end":{"line":7,"column":4191}},"25":{"start":{"line":7,"column":1494},"end":{"line":7,"column":1558}},"26":{"start":{"line":7,"column":1558},"end":{"line":7,"column":1857}},"27":{"start":{"line":7,"column":1629},"end":{"line":7,"column":1680}},"28":{"start":{"line":7,"column":1680},"end":{"line":7,"column":1687}},"29":{"start":{"line":7,"column":1693},"end":{"line":7,"column":1738}},"30":{"start":{"line":7,"column":1738},"end":{"line":7,"column":1803}},"31":{"start":{"line":7,"column":1803},"end":{"line":7,"column":1856}},"32":{"start":{"line":7,"column":1857},"end":{"line":7,"column":2113}},"33":{"start":{"line":7,"column":1873},"end":{"line":7,"column":2113}},"34":{"start":{"line":7,"column":1964},"end":{"line":7,"column":2061}},"35":{"start":{"line":7,"column":1990},"end":{"line":7,"column":2061}},"36":{"start":{"line":7,"column":2012},"end":{"line":7,"column":2049}},"37":{"start":{"line":7,"column":2049},"end":{"line":7,"column":2060}},"38":{"start":{"line":7,"column":2067},"end":{"line":7,"column":2101}},"39":{"start":{"line":7,"column":2101},"end":{"line":7,"column":2112}},"40":{"start":{"line":7,"column":2113},"end":{"line":7,"column":2339}},"41":{"start":{"line":7,"column":2212},"end":{"line":7,"column":2256}},"42":{"start":{"line":7,"column":2256},"end":{"line":7,"column":2338}},"43":{"start":{"line":7,"column":2339},"end":{"line":7,"column":2355}},"44":{"start":{"line":7,"column":2355},"end":{"line":7,"column":2453}},"45":{"start":{"line":7,"column":2453},"end":{"line":7,"column":2523}},"46":{"start":{"line":7,"column":2523},"end":{"line":7,"column":2595}},"47":{"start":{"line":7,"column":2595},"end":{"line":7,"column":2645}},"48":{"start":{"line":7,"column":2645},"end":{"line":7,"column":2697}},"49":{"start":{"line":7,"column":2681},"end":{"line":7,"column":2694}},"50":{"start":{"line":7,"column":2697},"end":{"line":7,"column":3279}},"51":{"start":{"line":7,"column":2734},"end":{"line":7,"column":2751}},"52":{"start":{"line":7,"column":2751},"end":{"line":7,"column":2922}},"53":{"start":{"line":7,"column":2767},"end":{"line":7,"column":2799}},"54":{"start":{"line":7,"column":2799},"end":{"line":7,"column":2808}},"55":{"start":{"line":7,"column":2814},"end":{"line":7,"column":2832}},"56":{"start":{"line":7,"column":2832},"end":{"line":7,"column":2921}},"57":{"start":{"line":7,"column":2922},"end":{"line":7,"column":3139}},"58":{"start":{"line":7,"column":2984},"end":{"line":7,"column":3004}},"59":{"start":{"line":7,"column":3004},"end":{"line":7,"column":3138}},"60":{"start":{"line":7,"column":3019},"end":{"line":7,"column":3047}},"61":{"start":{"line":7,"column":3052},"end":{"line":7,"column":3107}},"62":{"start":{"line":7,"column":3107},"end":{"line":7,"column":3137}},"63":{"start":{"line":7,"column":3139},"end":{"line":7,"column":3278}},"64":{"start":{"line":7,"column":3279},"end":{"line":7,"column":4190}},"65":{"start":{"line":7,"column":3351},"end":{"line":7,"column":3648}},"66":{"start":{"line":7,"column":3407},"end":{"line":7,"column":3465}},"67":{"start":{"line":7,"column":3491},"end":{"line":7,"column":3549}},"68":{"start":{"line":7,"column":3577},"end":{"line":7,"column":3604}},"69":{"start":{"line":7,"column":3653},"end":{"line":7,"column":3670}},"70":{"start":{"line":7,"column":3670},"end":{"line":7,"column":4189}},"71":{"start":{"line":7,"column":3786},"end":{"line":7,"column":4187}},"72":{"start":{"line":7,"column":3855},"end":{"line":7,"column":3920}},"73":{"start":{"line":7,"column":4131},"end":{"line":7,"column":4184}},"74":{"start":{"line":7,"column":4191},"end":{"line":7,"column":4436}},"75":{"start":{"line":7,"column":4207},"end":{"line":7,"column":4217}},"76":{"start":{"line":7,"column":4217},"end":{"line":7,"column":4435}},"77":{"start":{"line":7,"column":4436},"end":{"line":7,"column":4508}},"78":{"start":{"line":7,"column":4452},"end":{"line":7,"column":4507}},"79":{"start":{"line":7,"column":4508},"end":{"line":7,"column":4731}},"80":{"start":{"line":7,"column":4522},"end":{"line":7,"column":4730}},"81":{"start":{"line":7,"column":4543},"end":{"line":7,"column":4561}},"82":{"start":{"line":7,"column":4561},"end":{"line":7,"column":4729}},"83":{"start":{"line":7,"column":4731},"end":{"line":7,"column":4874}},"84":{"start":{"line":7,"column":4745},"end":{"line":7,"column":4781}},"85":{"start":{"line":7,"column":4781},"end":{"line":7,"column":4873}},"86":{"start":{"line":7,"column":4874},"end":{"line":7,"column":5111}},"87":{"start":{"line":7,"column":4892},"end":{"line":7,"column":4914}},"88":{"start":{"line":7,"column":4905},"end":{"line":7,"column":4914}},"89":{"start":{"line":7,"column":4914},"end":{"line":7,"column":4981}},"90":{"start":{"line":7,"column":4981},"end":{"line":7,"column":5110}},"91":{"start":{"line":7,"column":5020},"end":{"line":7,"column":5031}},"92":{"start":{"line":7,"column":5031},"end":{"line":7,"column":5106}},"93":{"start":{"line":7,"column":5066},"end":{"line":7,"column":5106}},"94":{"start":{"line":7,"column":5111},"end":{"line":7,"column":5433}},"95":{"start":{"line":7,"column":5127},"end":{"line":7,"column":5178}},"96":{"start":{"line":7,"column":5178},"end":{"line":7,"column":5222}},"97":{"start":{"line":7,"column":5222},"end":{"line":7,"column":5432}},"98":{"start":{"line":7,"column":5235},"end":{"line":7,"column":5250}},"99":{"start":{"line":7,"column":5250},"end":{"line":7,"column":5431}},"100":{"start":{"line":7,"column":5256},"end":{"line":7,"column":5292}},"101":{"start":{"line":7,"column":5292},"end":{"line":7,"column":5430}},"102":{"start":{"line":7,"column":5433},"end":{"line":7,"column":5977}},"103":{"start":{"line":7,"column":5449},"end":{"line":7,"column":5976}},"104":{"start":{"line":7,"column":5486},"end":{"line":7,"column":5500}},"105":{"start":{"line":7,"column":5500},"end":{"line":7,"column":5975}},"106":{"start":{"line":7,"column":5541},"end":{"line":7,"column":5595}},"107":{"start":{"line":7,"column":5595},"end":{"line":7,"column":5648}},"108":{"start":{"line":7,"column":5607},"end":{"line":7,"column":5648}},"109":{"start":{"line":7,"column":5648},"end":{"line":7,"column":5657}},"110":{"start":{"line":7,"column":5657},"end":{"line":7,"column":5884}},"111":{"start":{"line":7,"column":5769},"end":{"line":7,"column":5814}},"112":{"start":{"line":7,"column":5835},"end":{"line":7,"column":5865}},"113":{"start":{"line":7,"column":5865},"end":{"line":7,"column":5883}},"114":{"start":{"line":7,"column":5884},"end":{"line":7,"column":5897}},"115":{"start":{"line":7,"column":5897},"end":{"line":7,"column":5974}},"116":{"start":{"line":7,"column":5977},"end":{"line":7,"column":6050}},"117":{"start":{"line":7,"column":5991},"end":{"line":7,"column":6049}},"118":{"start":{"line":7,"column":6050},"end":{"line":7,"column":6467}},"119":{"start":{"line":7,"column":6068},"end":{"line":7,"column":6212}},"120":{"start":{"line":7,"column":6086},"end":{"line":7,"column":6095}},"121":{"start":{"line":7,"column":6095},"end":{"line":7,"column":6131}},"122":{"start":{"line":7,"column":6131},"end":{"line":7,"column":6211}},"123":{"start":{"line":7,"column":6212},"end":{"line":7,"column":6466}},"124":{"start":{"line":7,"column":6467},"end":{"line":7,"column":6549}},"125":{"start":{"line":7,"column":6481},"end":{"line":7,"column":6548}},"126":{"start":{"line":7,"column":6514},"end":{"line":7,"column":6521}},"127":{"start":{"line":7,"column":6529},"end":{"line":7,"column":6547}},"128":{"start":{"line":7,"column":6549},"end":{"line":7,"column":7717}},"129":{"start":{"line":7,"column":6563},"end":{"line":7,"column":6605}},"130":{"start":{"line":7,"column":6605},"end":{"line":7,"column":6711}},"131":{"start":{"line":7,"column":6619},"end":{"line":7,"column":6645}},"132":{"start":{"line":7,"column":6636},"end":{"line":7,"column":6645}},"133":{"start":{"line":7,"column":6645},"end":{"line":7,"column":6710}},"134":{"start":{"line":7,"column":6711},"end":{"line":7,"column":7716}},"135":{"start":{"line":7,"column":6737},"end":{"line":7,"column":6826}},"136":{"start":{"line":7,"column":6834},"end":{"line":7,"column":6874}},"137":{"start":{"line":7,"column":6874},"end":{"line":7,"column":7206}},"138":{"start":{"line":7,"column":7115},"end":{"line":7,"column":7162}},"139":{"start":{"line":7,"column":7214},"end":{"line":7,"column":7603}},"140":{"start":{"line":7,"column":7303},"end":{"line":7,"column":7350}},"141":{"start":{"line":7,"column":7611},"end":{"line":7,"column":7671}},"142":{"start":{"line":7,"column":7671},"end":{"line":7,"column":7677}},"143":{"start":{"line":7,"column":7684},"end":{"line":7,"column":7693}},"144":{"start":{"line":7,"column":7693},"end":{"line":7,"column":7699}},"145":{"start":{"line":7,"column":7707},"end":{"line":7,"column":7715}},"146":{"start":{"line":7,"column":7717},"end":{"line":7,"column":8117}},"147":{"start":{"line":7,"column":7731},"end":{"line":7,"column":7805}},"148":{"start":{"line":7,"column":7805},"end":{"line":7,"column":7847}},"149":{"start":{"line":7,"column":7838},"end":{"line":7,"column":7847}},"150":{"start":{"line":7,"column":7847},"end":{"line":7,"column":8116}},"151":{"start":{"line":7,"column":8079},"end":{"line":7,"column":8115}},"152":{"start":{"line":7,"column":8117},"end":{"line":7,"column":8378}},"153":{"start":{"line":7,"column":8131},"end":{"line":7,"column":8238}},"154":{"start":{"line":7,"column":8238},"end":{"line":7,"column":8377}},"155":{"start":{"line":7,"column":8378},"end":{"line":7,"column":8607}},"156":{"start":{"line":7,"column":8394},"end":{"line":7,"column":8408}},"157":{"start":{"line":7,"column":8408},"end":{"line":7,"column":8440}},"158":{"start":{"line":7,"column":8440},"end":{"line":7,"column":8606}},"159":{"start":{"line":7,"column":8607},"end":{"line":7,"column":9423}},"160":{"start":{"line":7,"column":8623},"end":{"line":7,"column":8657}},"161":{"start":{"line":7,"column":8645},"end":{"line":7,"column":8657}},"162":{"start":{"line":7,"column":8657},"end":{"line":7,"column":8749}},"163":{"start":{"line":7,"column":8749},"end":{"line":7,"column":8783}},"164":{"start":{"line":7,"column":8771},"end":{"line":7,"column":8783}},"165":{"start":{"line":7,"column":8783},"end":{"line":7,"column":8843}},"166":{"start":{"line":7,"column":8820},"end":{"line":7,"column":8843}},"167":{"start":{"line":7,"column":8843},"end":{"line":7,"column":9414}},"168":{"start":{"line":7,"column":8890},"end":{"line":7,"column":9414}},"169":{"start":{"line":7,"column":8931},"end":{"line":7,"column":8960}},"170":{"start":{"line":7,"column":8960},"end":{"line":7,"column":8966}},"171":{"start":{"line":7,"column":8974},"end":{"line":7,"column":9003}},"172":{"start":{"line":7,"column":9003},"end":{"line":7,"column":9009}},"173":{"start":{"line":7,"column":9017},"end":{"line":7,"column":9051}},"174":{"start":{"line":7,"column":9051},"end":{"line":7,"column":9057}},"175":{"start":{"line":7,"column":9065},"end":{"line":7,"column":9112}},"176":{"start":{"line":7,"column":9112},"end":{"line":7,"column":9118}},"177":{"start":{"line":7,"column":9126},"end":{"line":7,"column":9183}},"178":{"start":{"line":7,"column":9183},"end":{"line":7,"column":9189}},"179":{"start":{"line":7,"column":9197},"end":{"line":7,"column":9254}},"180":{"start":{"line":7,"column":9254},"end":{"line":7,"column":9260}},"181":{"start":{"line":7,"column":9268},"end":{"line":7,"column":9289}},"182":{"start":{"line":7,"column":9289},"end":{"line":7,"column":9304}},"183":{"start":{"line":7,"column":9304},"end":{"line":7,"column":9310}},"184":{"start":{"line":7,"column":9318},"end":{"line":7,"column":9350}},"185":{"start":{"line":7,"column":9350},"end":{"line":7,"column":9356}},"186":{"start":{"line":7,"column":9365},"end":{"line":7,"column":9395}},"187":{"start":{"line":7,"column":9395},"end":{"line":7,"column":9401}},"188":{"start":{"line":7,"column":9409},"end":{"line":7,"column":9413}},"189":{"start":{"line":7,"column":9414},"end":{"line":7,"column":9422}},"190":{"start":{"line":7,"column":9423},"end":{"line":7,"column":10205}},"191":{"start":{"line":7,"column":9439},"end":{"line":7,"column":9471}},"192":{"start":{"line":7,"column":9459},"end":{"line":7,"column":9471}},"193":{"start":{"line":7,"column":9471},"end":{"line":7,"column":9551}},"194":{"start":{"line":7,"column":9493},"end":{"line":7,"column":9551}},"195":{"start":{"line":7,"column":9551},"end":{"line":7,"column":9582}},"196":{"start":{"line":7,"column":9573},"end":{"line":7,"column":9582}},"197":{"start":{"line":7,"column":9582},"end":{"line":7,"column":9669}},"198":{"start":{"line":7,"column":9669},"end":{"line":7,"column":9869}},"199":{"start":{"line":7,"column":9869},"end":{"line":7,"column":9887}},"200":{"start":{"line":7,"column":9875},"end":{"line":7,"column":9887}},"201":{"start":{"line":7,"column":9887},"end":{"line":7,"column":9913}},"202":{"start":{"line":7,"column":9913},"end":{"line":7,"column":9963}},"203":{"start":{"line":7,"column":9922},"end":{"line":7,"column":9957}},"204":{"start":{"line":7,"column":9945},"end":{"line":7,"column":9957}},"205":{"start":{"line":7,"column":9957},"end":{"line":7,"column":9962}},"206":{"start":{"line":7,"column":9963},"end":{"line":7,"column":9984}},"207":{"start":{"line":7,"column":9984},"end":{"line":7,"column":10046}},"208":{"start":{"line":7,"column":9997},"end":{"line":7,"column":10020}},"209":{"start":{"line":7,"column":10020},"end":{"line":7,"column":10045}},"210":{"start":{"line":7,"column":10046},"end":{"line":7,"column":10090}},"211":{"start":{"line":7,"column":10090},"end":{"line":7,"column":10196}},"212":{"start":{"line":7,"column":10142},"end":{"line":7,"column":10168}},"213":{"start":{"line":7,"column":10168},"end":{"line":7,"column":10195}},"214":{"start":{"line":7,"column":10196},"end":{"line":7,"column":10204}},"215":{"start":{"line":7,"column":10205},"end":{"line":7,"column":10251}},"216":{"start":{"line":7,"column":10221},"end":{"line":7,"column":10250}},"217":{"start":{"line":7,"column":10251},"end":{"line":7,"column":14255}},"218":{"start":{"line":7,"column":10361},"end":{"line":7,"column":10920}},"219":{"start":{"line":7,"column":10389},"end":{"line":7,"column":10408}},"220":{"start":{"line":7,"column":10408},"end":{"line":7,"column":10474}},"221":{"start":{"line":7,"column":10446},"end":{"line":7,"column":10474}},"222":{"start":{"line":7,"column":10474},"end":{"line":7,"column":10522}},"223":{"start":{"line":7,"column":10522},"end":{"line":7,"column":10918}},"224":{"start":{"line":7,"column":10641},"end":{"line":7,"column":10646}},"225":{"start":{"line":7,"column":10651},"end":{"line":7,"column":10753}},"226":{"start":{"line":7,"column":10692},"end":{"line":7,"column":10753}},"227":{"start":{"line":7,"column":10714},"end":{"line":7,"column":10753}},"228":{"start":{"line":7,"column":10753},"end":{"line":7,"column":10917}},"229":{"start":{"line":7,"column":10939},"end":{"line":7,"column":10985}},"230":{"start":{"line":7,"column":10985},"end":{"line":7,"column":11068}},"231":{"start":{"line":7,"column":11022},"end":{"line":7,"column":11068}},"232":{"start":{"line":7,"column":11068},"end":{"line":7,"column":11083}},"233":{"start":{"line":7,"column":11083},"end":{"line":7,"column":11115}},"234":{"start":{"line":7,"column":11115},"end":{"line":7,"column":12596}},"235":{"start":{"line":7,"column":11235},"end":{"line":7,"column":11298}},"236":{"start":{"line":7,"column":11298},"end":{"line":7,"column":11307}},"237":{"start":{"line":7,"column":11307},"end":{"line":7,"column":11508}},"238":{"start":{"line":7,"column":11508},"end":{"line":7,"column":11514}},"239":{"start":{"line":7,"column":11514},"end":{"line":7,"column":11956}},"240":{"start":{"line":7,"column":11956},"end":{"line":7,"column":11996}},"241":{"start":{"line":7,"column":11996},"end":{"line":7,"column":12090}},"242":{"start":{"line":7,"column":12010},"end":{"line":7,"column":12024}},"243":{"start":{"line":7,"column":12024},"end":{"line":7,"column":12089}},"244":{"start":{"line":7,"column":12090},"end":{"line":7,"column":12194}},"245":{"start":{"line":7,"column":12106},"end":{"line":7,"column":12159}},"246":{"start":{"line":7,"column":12159},"end":{"line":7,"column":12173}},"247":{"start":{"line":7,"column":12179},"end":{"line":7,"column":12194}},"248":{"start":{"line":7,"column":12194},"end":{"line":7,"column":12595}},"249":{"start":{"line":7,"column":12300},"end":{"line":7,"column":12319}},"250":{"start":{"line":7,"column":12319},"end":{"line":7,"column":12345}},"251":{"start":{"line":7,"column":12345},"end":{"line":7,"column":12388}},"252":{"start":{"line":7,"column":12615},"end":{"line":7,"column":12661}},"253":{"start":{"line":7,"column":12661},"end":{"line":7,"column":12893}},"254":{"start":{"line":7,"column":12737},"end":{"line":7,"column":12751}},"255":{"start":{"line":7,"column":12751},"end":{"line":7,"column":12886}},"256":{"start":{"line":7,"column":12760},"end":{"line":7,"column":12825}},"257":{"start":{"line":7,"column":12825},"end":{"line":7,"column":12885}},"258":{"start":{"line":7,"column":12916},"end":{"line":7,"column":13308}},"259":{"start":{"line":7,"column":13024},"end":{"line":7,"column":13098}},"260":{"start":{"line":7,"column":13098},"end":{"line":7,"column":13306}},"261":{"start":{"line":7,"column":13344},"end":{"line":7,"column":13361}},"262":{"start":{"line":7,"column":13383},"end":{"line":7,"column":13401}},"263":{"start":{"line":7,"column":13401},"end":{"line":7,"column":13419}},"264":{"start":{"line":7,"column":13407},"end":{"line":7,"column":13419}},"265":{"start":{"line":7,"column":13419},"end":{"line":7,"column":13430}},"266":{"start":{"line":7,"column":13430},"end":{"line":7,"column":13454}},"267":{"start":{
[...]
olumn":102},"end":{"line":4,"column":143}},"50":{"start":{"line":4,"column":143},"end":{"line":4,"column":153}},"51":{"start":{"line":4,"column":155},"end":{"line":4,"column":271}},"52":{"start":{"line":4,"column":175},"end":{"line":4,"column":181}},"53":{"start":{"line":4,"column":244},"end":{"line":4,"column":269}},"54":{"start":{"line":4,"column":277},"end":{"line":4,"column":287}},"55":{"start":{"line":4,"column":290},"end":{"line":4,"column":405}},"56":{"start":{"line":4,"column":308},"end":{"line":4,"column":332}},"57":{"start":{"line":4,"column":332},"end":{"line":4,"column":358}},"58":{"start":{"line":4,"column":342},"end":{"line":4,"column":350}},"59":{"start":{"line":4,"column":350},"end":{"line":4,"column":357}},"60":{"start":{"line":4,"column":358},"end":{"line":4,"column":390}},"61":{"start":{"line":4,"column":390},"end":{"line":4,"column":400}},"62":{"start":{"line":4,"column":400},"end":{"line":4,"column":403}},"63":{"start":{"line":4,"column":412},"end":{"line":4,"column":415}},"64":{"start":{"line":4,"column":416},"end":{"line":5,"column":16}},"65":{"start":{"line":4,"column":430},"end":{"line":4,"column":441}},"66":{"start":{"line":4,"column":441},"end":{"line":4,"column":483}},"67":{"start":{"line":4,"column":452},"end":{"line":4,"column":483}},"68":{"start":{"line":4,"column":483},"end":{"line":5,"column":15}},"69":{"start":{"line":5,"column":3},"end":{"line":5,"column":13}},"70":{"start":{"line":5,"column":16},"end":{"line":5,"column":167}},"71":{"start":{"line":5,"column":34},"end":{"line":5,"column":156}},"72":{"start":{"line":5,"column":50},"end":{"line":5,"column":155}},"73":{"start":{"line":5,"column":94},"end":{"line":5,"column":102}},"74":{"start":{"line":5,"column":121},"end":{"line":5,"column":133}},"75":{"start":{"line":5,"column":133},"end":{"line":5,"column":145}},"76":{"start":{"line":5,"column":145},"end":{"line":5,"column":149}},"77":{"start":{"line":5,"column":149},"end":{"line":5,"column":153}},"78":{"start":{"line":5,"column":156},"end":{"line":5,"column":160}},"79":{"start":{"line":5,"column":160},"end":{"line":5,"column":166}},"80":{"start":{"line":5,"column":167},"end":{"line":5,"column":390}},"81":{"start":{"line":5,"column":183},"end":{"line":5,"column":365}},"82":{"start":{"line":5,"column":203},"end":{"line":5,"column":364}},"83":{"start":{"line":5,"column":218},"end":{"line":5,"column":222}},"84":{"start":{"line":5,"column":222},"end":{"line":5,"column":327}},"85":{"start":{"line":5,"column":313},"end":{"line":5,"column":325}},"86":{"start":{"line":5,"column":327},"end":{"line":5,"column":354}},"87":{"start":{"line":5,"column":360},"end":{"line":5,"column":364}},"88":{"start":{"line":5,"column":365},"end":{"line":5,"column":379}},"89":{"start":{"line":5,"column":379},"end":{"line":5,"column":389}},"90":{"start":{"line":5,"column":390},"end":{"line":6,"column":14}},"91":{"start":{"line":5,"column":408},"end":{"line":5,"column":455}},"92":{"start":{"line":5,"column":455},"end":{"line":6,"column":13}},"93":{"start":{"line":6,"column":14},"end":{"line":6,"column":308}},"94":{"start":{"line":6,"column":32},"end":{"line":6,"column":301}},"95":{"start":{"line":6,"column":47},"end":{"line":6,"column":65}},"96":{"start":{"line":6,"column":65},"end":{"line":6,"column":300}},"97":{"start":{"line":6,"column":216},"end":{"line":6,"column":230}},"98":{"start":{"line":6,"column":230},"end":{"line":6,"column":235}},"99":{"start":{"line":6,"column":235},"end":{"line":6,"column":240}},"100":{"start":{"line":6,"column":240},"end":{"line":6,"column":250}},"101":{"start":{"line":6,"column":250},"end":{"line":6,"column":286}},"102":{"start":{"line":6,"column":272},"end":{"line":6,"column":282}},"103":{"start":{"line":6,"column":301},"end":{"line":6,"column":307}},"104":{"start":{"line":6,"column":308},"end":{"line":7,"column":77}},"105":{"start":{"line":6,"column":324},"end":{"line":6,"column":458}},"106":{"start":{"line":6,"column":458},"end":{"line":6,"column":494}},"107":{"start":{"line":6,"column":481},"end":{"line":6,"column":494}},"108":{"start":{"line":6,"column":494},"end":{"line":7,"column":68}},"109":{"start":{"line":7,"column":13},"end":{"line":7,"column":68}},"110":{"start":{"line":7,"column":68},"end":{"line":7,"column":76}},"111":{"start":{"line":7,"column":77},"end":{"line":7,"column":121}},"112":{"start":{"line":7,"column":121},"end":{"line":7,"column":358}},"113":{"start":{"line":7,"column":151},"end":{"line":7,"column":182}},"114":{"start":{"line":7,"column":182},"end":{"line":7,"column":189}},"115":{"start":{"line":7,"column":189},"end":{"line":7,"column":212}},"116":{"start":{"line":7,"column":228},"end":{"line":7,"column":231}},"117":{"start":{"line":7,"column":247},"end":{"line":7,"column":250}},"118":{"start":{"line":7,"column":274},"end":{"line":7,"column":312}},"119":{"start":{"line":7,"column":296},"end":{"line":7,"column":312}},"120":{"start":{"line":7,"column":312},"end":{"line":7,"column":350}},"121":{"start":{"line":7,"column":336},"end":{"line":7,"column":350}},"122":{"start":{"line":7,"column":350},"end":{"line":7,"column":356}},"123":{"start":{"line":7,"column":362},"end":{"line":7,"column":478}},"124":{"start":{"line":7,"column":478},"end":{"line":7,"column":508}},"125":{"start":{"line":8,"column":0},"end":{"line":8,"column":27}},"126":{"start":{"line":8,"column":27},"end":{"line":9,"column":272}},"127":{"start":{"line":9,"column":272},"end":{"line":10,"column":441}}},"branchMap":{"1":{"line":2,"type":"binary-expr","locations":[{"start":{"line":2,"column":48},"end":{"line":2,"column":62}},{"start":{"line":2,"column":64},"end":{"line":2,"column":95}},{"start":{"line":2,"column":97},"end":{"line":2,"column":98}}]},"2":{"line":2,"type":"if","locations":[{"start":{"line":2,"column":99},"end":{"line":2,"column":99}},{"start":{"line":2,"column":99},"end":{"line":2,"column":99}}]},"3":{"line":2,"type":"if","locations":[{"start":{"line":2,"column":144},"end":{"line":2,"column":144}},{"start":{"line":2,"column":144},"end":{"line":2,"column":144}}]},"4":{"line":2,"type":"binary-expr","locations":[{"start":{"line":2,"column":230},"end":{"line":2,"column":234}},{"start":{"line":2,"column":236},"end":{"line":2,"column":251}}]},"5":{"line":2,"type":"if","locations":[{"start":{"line":2,"column":252},"end":{"line":2,"column":252}},{"start":{"line":2,"column":252},"end":{"line":2,"column":252}}]},"6":{"line":2,"type":"binary-expr","locations":[{"start":{"line":2,"column":290},"end":{"line":2,"column":345}},{"start":{"line":2,"column":349},"end":{"line":2,"column":355}}]},"7":{"line":2,"type":"binary-expr","locations":[{"start":{"line":2,"column":292},"end":{"line":2,"column":312}},{"start":{"line":2,"column":314},"end":{"line":2,"column":345}}]},"8":{"line":2,"type":"if","locations":[{"start":{"line":2,"column":418},"end":{"line":2,"column":418}},{"start":{"line":2,"column":418},"end":{"line":2,"column":418}}]},"9":{"line":2,"type":"cond-expr","locations":[{"start":{"line":2,"column":438},"end":{"line":2,"column":439}},{"start":{"line":2,"column":440},"end":{"line":2,"column":456}}]},"10":{"line":2,"type":"binary-expr","locations":[{"start":{"line":2,"column":421},"end":{"line":2,"column":425}},{"start":{"line":2,"column":427},"end":{"line":2,"column":437}}]},"11":{"line":2,"type":"binary-expr","locations":[{"start":{"line":2,"column":440},"end":{"line":2,"column":444}},{"start":{"line":2,"column":446},"end":{"line":2,"column":456}}]},"12":{"line":2,"type":"if","locations":[{"start":{"line":2,"column":487},"end":{"line":2,"column":487}},{"start":{"line":2,"column":487},"end":{"line":2,"column":487}}]},"13":{"line":2,"type":"binary-expr","locations":[{"start":{"line":2,"column":490},"end":{"line":2,"column":494}},{"start":{"line":2,"column":496},"end":{"line":2,"column":505}},{"start":{"line":3,"column":0},"end":{"line":3,"column":3}},{"start":{"line":3,"column":5},"end":{"line":3,"column":14}}]},"14":{"line":3,"type":"cond-expr","locations":[{"start":{"line":3,"column":95},"end":{"line":3,"column":100}},{"start":{"line":3,"column":101},"end":{"line":3,"column":103}}]},"15":{"line":3,"type":"if","locations":[{"start":{"line":3,"column":158},"end":{"line":3,"column":158}},{"start":{"line":3,"column":158},"end":{"line":3,"column":158}}]},"16":{"line":3,"type":"binary-expr","locations":[{"start":{"line":3,"column":168},"end":{"line":3,"column":175}},{"start":{"line":3,"column":177},"end":{"line":3,"column":206}},{"start":{"line":3,"column":209},"end":{"line":3,"column":248}}]},"17":{"line":3,"type":"cond-expr","locations":[{"start":{"line":3,"column":332},"end":{"line":3,"column":335}},{"start":{"line":3,"column":336},"end":{"line":3,"column":351}}]},"18":{"line":3,"type":"if","locations":[{"start":{"line":3,"column":353},"end":{"line":3,"column":353}},{"start":{"line":3,"column":353},"end":{"line":3,"column":353}}]},"19":{"line":3,"type":"if","locations":[{"start":{"line":3,"column":409},"end":{"line":3,"column":409}},{"start":{"line":3,"column":409},"end":{"line":3,"column":409}}]},"20":{"line":3,"type":"if","locations":[{"start":{"line":3,"column":448},"end":{"line":3,"column":448}},{"start":{"line":3,"column":448},"end":{"line":3,"column":448}}]},"21":{"line":3,"type":"cond-expr","locations":[{"start":{"line":4,"column":0},"end":{"line":4,"column":9}},{"start":{"line":4,"column":10},"end":{"line":4,"column":11}}]},"22":{"line":3,"type":"binary-expr","locations":[{"start":{"line":3,"column":491},"end":{"line":3,"column":497}},{"start":{"line":3,"column":499},"end":{"line":3,"column":508}}]},"23":{"line":4,"type":"binary-expr","locations":[{"start":{"line":4,"column":65},"end":{"line":4,"column":69}},{"start":{"line":4,"column":72},"end":{"line":4,"column":87}}]},"24":{"line":4,"type":"cond-expr","locations":[{"start":{"line":4,"column":93},"end":{"line":4,"column":99}},{"start":{"line":4,"column":100},"end":{"line":4,"column":101}}]},"25":{"line":4,"type":"cond-expr","locations":[{"start":{"line":4,"column":157},"end":{"line":4,"column":183}},{"start":{"line":4,"column":184},"end":{"line":4,"column":271}}]},"26":{"line":4,"type":"cond-expr","locations":[{"start":{"line":4,"column":204},"end":{"line":4,"column":212}},{"start":{"line":4,"column":213},"end":{"line":4,"column":271}}]},"27":{"line":4,"type":"cond-expr","locations":[{"start":{"line":4,"column":226},"end":{"line":4,"column":227}},{"start":{"line":4,"column":228},"end":{"line":4,"column":231}}]},"28":{"line":4,"type":"cond-expr","locations":[{"start":{"line":4,"column":260},"end":{"line":4,"column":266}},{"start":{"line":4,"column":267},"end":{"line":4,"column":268}}]},"29":{"line":4,"type":"binary-expr","locations":[{"start":{"line":4,"column":308},"end":{"line":4,"column":314}},{"start":{"line":4,"column":317},"end":{"line":4,"column":330}}]},"30":{"line":4,"type":"if","locations":[{"start":{"line":4,"column":332},"end":{"line":4,"column":332}},{"start":{"line":4,"column":332},"end":{"line":4,"column":332}}]},"31":{"line":4,"type":"binary-expr","locations":[{"start":{"line":4,"column":452},"end":{"line":4,"column":471}},{"start":{"line":4,"column":473},"end":{"line":4,"column":482}}]},"32":{"line":5,"type":"cond-expr","locations":[{"start":{"line":5,"column":61},"end":{"line":5,"column":104}},{"start":{"line":5,"column":105},"end":{"line":5,"column":155}}]},"33":{"line":5,"type":"if","locations":[{"start":{"line":5,"column":203},"end":{"line":5,"column":203}},{"start":{"line":5,"column":203},"end":{"line":5,"column":203}}]},"34":{"line":5,"type":"cond-expr","locations":[{"start":{"line":5,"column":335},"end":{"line":5,"column":338}},{"start":{"line":5,"column":339},"end":{"line":5,"column":354}}]},"35":{"line":5,"type":"binary-expr","locations":[{"start":{"line":5,"column":414},"end":{"line":5,"column":418}},{"start":{"line":5,"column":420},"end":{"line":5,"column":422}}]},"36":{"line":5,"type":"binary-expr","locations":[{"start":{"line":5,"column":425},"end":{"line":5,"column":429}},{"start":{"line":5,"column":431},"end":{"line":5,"column":433}}]},"37":{"line":5,"type":"cond-expr","locations":[{"start":{"line":5,"column":441},"end":{"line":5,"column":442}},{"start":{"line":5,"column":443},"end":{"line":5,"column":454}}]},"38":{"line":6,"type":"if","locations":[{"start":{"line":6,"column":32},"end":{"line":6,"column":32}},{"start":{"line":6,"column":32},"end":{"line":6,"column":32}}]},"39":{"line":6,"type":"cond-expr","locations":[{"start":{"line":6,"column":124},"end":{"line":6,"column":288}},{"start":{"line":6,"column":290},"end":{"line":6,"column":300}}]},"40":{"line":6,"type":"binary-expr","locations":[{"start":{"line":6,"column":71},"end":{"line":6,"column":119}},{"start":{"line":6,"column":121},"end":{"line":6,"column":122}}]},"41":{"line":6,"type":"cond-expr","locations":[{"start":{"line":6,"column":167},"end":{"line":6,"column":177}},{"start":{"line":6,"column":178},"end":{"line":6,"column":187}}]},"42":{"line":6,"type":"binary-expr","locations":[{"start":{"line":6,"column":240},"end":{"line":6,"column":241}},{"start":{"line":6,"column":243},"end":{"line":6,"column":249}}]},"43":{"line":6,"type":"binary-expr","locations":[{"start":{"line":6,"column":301},"end":{"line":6,"column":302}},{"start":{"line":6,"column":304},"end":{"line":6,"column":307}}]},"44":{"line":6,"type":"cond-expr","locations":[{"start":{"line":6,"column":375},"end":{"line":6,"column":376}},{"start":{"line":6,"column":377},"end":{"line":6,"column":385}}]},"45":{"line":6,"type":"binary-expr","locations":[{"start":{"line":6,"column":330},"end":{"line":6,"column":331}},{"start":{"line":6,"column":333},"end":{"line":6,"column":374}}]},"46":{"line":7,"type":"binary-expr","locations":[{"start":{"line":7,"column":13},"end":{"line":7,"column":53}},{"start":{"line":7,"column":55},"end":{"line":7,"column":67}}]},"47":{"line":7,"type":"binary-expr","locations":[{"start":{"line":7,"column":151},"end":{"line":7,"column":170}},{"start":{"line":7,"column":173},"end":{"line":7,"column":180}}]},"48":{"line":7,"type":"binary-expr","locations":[{"start":{"line":7,"column":203},"end":{"line":7,"column":207}},{"start":{"line":7,"column":209},"end":{"line":7,"column":211}}]},"49":{"line":7,"type":"if","locations":[{"start":{"line":7,"column":274},"end":{"line":7,"column":274}},{"start":{"line":7,"column":274},"end":{"line":7,"column":274}}]},"50":{"line":7,"type":"if","locations":[{"start":{"line":7,"column":312},"end":{"line":7,"column":312}},{"start":{"line":7,"column":312},"end":{"line":7,"column":312}}]},"51":{"line":7,"type":"cond-expr","locations":[{"start":{"line":7,"column":386},"end":{"line":7,"column":434}},{"start":{"line":7,"column":435},"end":{"line":7,"column":477}}]}},"code":["/* Rainbow v1.1.9 rainbowco.de | included languages: generic, javascript */","window.Rainbow=function(){function q(a){var b,c=a.getAttribute&&a.getAttribute(\"data-language\")||0;if(!c){a=a.attributes;for(b=0;b<a.length;++b)if(\"data-language\"===a[b].nodeName)return a[b].nodeValue}return c}function B(a){var b=q(a)||q(a.parentNode);if(!b){var c=/\\blang(?:uage)?-(\\w+)/;(a=a.className.match(c)||a.parentNode.className.match(c))&&(b=a[1])}return b}function C(a,b){for(var c in e[d]){c=parseInt(c,10);if(a==c&&b==e[d][c]?0:a<=c&&b>=e[d][c])delete e[d][c],delete j[d][c];if(a>=c&&a<e[d][c]||","b>c&&b<e[d][c])return!0}return!1}function r(a,b){return'<span class=\"'+a.replace(/\\./g,\" \")+(l?\" \"+l:\"\")+'\">'+b+\"</span>\"}function s(a,b,c,h){var f=a.exec(c);if(f){++t;!b.name&&\"string\"==typeof b.matches[0]&&(b.name=b.matches[0],delete b.matches[0]);var k=f[0],i=f.index,u=f[0].length+i,g=function(){function f(){s(a,b,c,h)}t%100>0?f():setTimeout(f,0)};if(C(i,u))g();else{var m=v(b.matches),l=function(a,c,h){if(a>=c.length)h(k);else{var d=f[c[a]];if(d){var e=b.matches[c[a]],i=e.language,g=e.name&&e.matches?","e.matches:e,j=function(b,d,e){var i;i=0;var g;for(g=1;g<c[a];++g)f[g]&&(i=i+f[g].length);d=e?r(e,d):d;k=k.substr(0,i)+k.substr(i).replace(b,d);l(++a,c,h)};i?n(d,i,function(a){j(d,a)}):typeof e===\"string\"?j(d,d,e):w(d,g.length?g:[g],function(a){j(d,a,e.matches?e.name:0)})}else l(++a,c,h)}};l(0,m,function(a){b.name&&(a=r(b.name,a));if(!j[d]){j[d]={};e[d]={}}j[d][i]={replace:f[0],\"with\":a};e[d][i]=u;g()})}}else h()}function v(a){var b=[],c;for(c in a)a.hasOwnProperty(c)&&b.push(c);return b.sort(function(a,","b){return b-a})}function w(a,b,c){function h(b,k){k<b.length?s(b[k].pattern,b[k],a,function(){h(b,++k)}):D(a,function(a){delete j[d];delete e[d];--d;c(a)})}++d;h(b,0)}function D(a,b){function c(a,b,h,e){if(h<b.length){++x;var g=b[h],l=j[d][g],a=a.substr(0,g)+a.substr(g).replace(l.replace,l[\"with\"]),g=function(){c(a,b,++h,e)};0<x%250?g():setTimeout(g,0)}else e(a)}var h=v(j[d]);c(a,h,0,b)}function n(a,b,c){var d=m[b]||[],f=m[y]||[],b=z[b]?d:d.concat(f);w(a.replace(/</g,\"&lt;\").replace(/>/g,\"&gt;\").replace(/&(?![\\w\\#]+;)/g,","\"&amp;\"),b,c)}function o(a,b,c){if(b<a.length){var d=a[b],f=B(d);return!(-1<(\" \"+d.className+\" \").indexOf(\" rainbow \"))&&f?(f=f.toLowerCase(),d.className+=d.className?\" rainbow\":\"rainbow\",n(d.innerHTML,f,function(k){d.innerHTML=k;j={};e={};p&&p(d,f);setTimeout(function(){o(a,++b,c)},0)})):o(a,++b,c)}c&&c()}function A(a,b){var a=a&&\"function\"==typeof a.getElementsByTagName?a:document,c=a.getElementsByTagName(\"pre\"),d=a.getElementsByTagName(\"code\"),f,e=[];for(f=0;f<d.length;++f)e.push(d[f]);for(f=0;f<","c.length;++f)c[f].getElementsByTagName(\"code\").length||e.push(c[f]);o(e,0,b)}var j={},e={},m={},z={},d=0,y=0,t=0,x=0,l,p;return{extend:function(a,b,c){1==arguments.length&&(b=a,a=y);z[a]=c;m[a]=b.concat(m[a]||[])},b:function(a){p=a},a:function(a){l=a},color:function(a,b,c){if(\"string\"==typeof a)return n(a,b,c);if(\"function\"==typeof a)return A(0,a);A(a,b)}}}();window.addEventListener?window.addEventListener(\"load\",Rainbow.color,!1):window.attachEvent(\"onload\",Rainbow.color);Rainbow.onHighlight=Rainbow.b;","Rainbow.addClass=Rainbow.a;Rainbow.extend([{matches:{1:{name:\"keyword.operator\",pattern:/\\=/g},2:{name:\"string\",matches:{name:\"constant.character.escape\",pattern:/\\\\('|\"){1}/g}}},pattern:/(\\(|\\s|\\[|\\=|:)(('|\")([^\\\\\\1]|\\\\.)*?(\\3))/gm},{name:\"comment\",pattern:/\\/\\*[\\s\\S]*?\\*\\/|(\\/\\/|\\#)[\\s\\S]*?$/gm},{name:\"constant.numeric\",pattern:/\\b(\\d+(\\.\\d+)?(e(\\+|\\-)?\\d+)?(f|d)?|0x[\\da-f]+)\\b/gi},{matches:{1:\"keyword\"},pattern:/\\b(and|array|as|bool(ean)?|c(atch|har|lass|onst)|d(ef|elete|o(uble)?)|e(cho|lse(if)?|xit|xtends|xcept)|f(inally|loat|or(each)?|unction)|global|if|import|int(eger)?|long|new|object|or|pr(int|ivate|otected)|public|return|self|st(ring|ruct|atic)|switch|th(en|is|row)|try|(un)?signed|var|void|while)(?=\\(|\\b)/gi},","{name:\"constant.language\",pattern:/true|false|null/g},{name:\"keyword.operator\",pattern:/\\+|\\!|\\-|&(gt|lt|amp);|\\||\\*|\\=/g},{matches:{1:\"function.call\"},pattern:/(\\w+?)(?=\\()/g},{matches:{1:\"storage.function\",2:\"entity.name.function\"},pattern:/(function)\\s(.*?)(?=\\()/g}]);Rainbow.extend(\"javascript\",[{name:\"selector\",pattern:/(\\s|^)\\$(?=\\.|\\()/g},{name:\"support\",pattern:/\\b(window|document)\\b/g},{matches:{1:\"support.property\"},pattern:/\\.(length|node(Name|Value))\\b/g},{matches:{1:\"support.function\"},pattern:/(setTimeout|setInterval)(?=\\()/g},{matches:{1:\"support.method\"},pattern:/\\.(getAttribute|push|getElementById|getElementsByClassName|log|setTimeout|setInterval)(?=\\()/g},{matches:{1:\"support.tag.script\",2:[{name:\"string\",pattern:/('|\")(.*?)(\\1)/g},{name:\"entity.tag.script\",","pattern:/(\\w+)/g}],3:\"support.tag.script\"},pattern:/(&lt;\\/?)(script.*?)(&gt;)/g},{name:\"string.regexp\",matches:{1:\"string.regexp.open\",2:{name:\"constant.regexp.escape\",pattern:/\\\\(.){1}/g},3:\"string.regexp.close\",4:\"string.regexp.modifier\"},pattern:/(\\/)(?!\\*)(.+)(\\/)([igm]{0,3})/g},{matches:{1:\"storage\",3:\"entity.function\"},pattern:/(var)?(\\s|^)(.*)(?=\\s?=\\s?function\\()/g},{name:\"entity.function\",pattern:/(\\w+)(?=:\\s{0,}function)/g}]);",""],"l":{"2":2,"3":1,"4":1,"5":1,"6":1,"7":0,"8":0,"9":0}}}